Log file open, 11/04/17 10:12:54
LogWindows: Failed to load 'aqProf.dll' (GetLastError=126)
LogWindows: File 'aqProf.dll' does not exist
LogWindows: Failed to load 'VtuneApi.dll' (GetLastError=126)
LogWindows: File 'VtuneApi.dll' does not exist
LogWindows: Failed to load 'VtuneApi32e.dll' (GetLastError=126)
LogWindows: File 'VtuneApi32e.dll' does not exist
LogInit: Display: Running engine for game: Demod
LogPlatformFile: Not using cached read wrapper
LogInit: Display: RandInit(-1879583017) SRandInit(-1879583017).
LogInit: Read version file with build ID '3709383'
LogInit: Overriding engine version to CL 3709383, compatible CL 3709383
LogInit: Registered custom module enumerator with build ID '3709383'
LogTaskGraph: Started task graph with 5 named threads and 14 total threads with 3 sets of task threads.
LogStats: Stats thread started at 0.176999
LogD3D11RHI: Aftermath initialized
LogModuleManager: Display: Found up-to-date module file ../../../Engine/Plugins/2D/Paper2D/Binaries/Win64/UE4Editor-Paper2D.dll (API version 3709383).
LogModuleManager: Display: Found up-to-date module file ../../../Engine/Plugins/2D/Paper2D/Binaries/Win64/UE4Editor-Paper2DEditor.dll (API version 3709383).
LogModuleManager: Display: Found up-to-date module file ../../../Engine/Plugins/2D/Paper2D/Binaries/Win64/UE4Editor-PaperSpriteSheetImporter.dll (API version 3709383).
LogModuleManager: Display: Found up-to-date module file ../../../Engine/Plugins/2D/Paper2D/Binaries/Win64/UE4Editor-PaperTiledImporter.dll (API version 3709383).
LogModuleManager: Display: Found up-to-date module file ../../../Engine/Plugins/2D/Paper2D/Binaries/Win64/UE4Editor-SmartSnapping.dll (API version 3709383).
LogModuleManager: Display: Found up-to-date module file ../../../Engine/Plugins/Blendables/LightPropagationVolume/Binaries/Win64/UE4Editor-LightPropagationVolumeRuntime.dll (API version 3709383).
LogModuleManager: Display: Found up-to-date module file ../../../Engine/Plugins/Blendables/LightPropagationVolume/Binaries/Win64/UE4Editor-LightPropagationVolumeEditor.dll (API version 3709383).
LogModuleManager: Display: Found up-to-date module file ../../../Engine/Plugins/Developer/GitSourceControl/Binaries/Win64/UE4Editor-GitSourceControl.dll (API version 3709383).
LogModuleManager: Display: Found up-to-date module file ../../../Engine/Plugins/Developer/PerforceSourceControl/Binaries/Win64/UE4Editor-PerforceSourceControl.dll (API version 3709383).
LogModuleManager: Display: Found up-to-date module file ../../../Engine/Plugins/Developer/SubversionSourceControl/Binaries/Win64/UE4Editor-SubversionSourceControl.dll (API version 3709383).
LogModuleManager: Display: Found up-to-date module file ../../../Engine/Plugins/Developer/UObjectPlugin/Binaries/Win64/UE4Editor-UObjectPlugin.dll (API version 3709383).
LogModuleManager: Display: Found up-to-date module file ../../../Engine/Plugins/Developer/VisualStudioCodeSourceCodeAccess/Binaries/Win64/UE4Editor-VisualStudioCodeSourceCodeAccess.dll (API version 3709383).
LogModuleManager: Display: Found up-to-date module file ../../../Engine/Plugins/Developer/VisualStudioSourceCodeAccess/Binaries/Win64/UE4Editor-VisualStudioSourceCodeAccess.dll (API version 3709383).
LogModuleManager: Display: Found up-to-date module file ../../../Engine/Plugins/Editor/AssetManagerEditor/Binaries/Win64/UE4Editor-AssetManagerEditor.dll (API version 3709383).
LogModuleManager: Display: Found up-to-date module file ../../../Engine/Plugins/Editor/AudioCapture/Binaries/Win64/UE4Editor-AudioCapture.dll (API version 3709383).
LogModuleManager: Display: Found up-to-date module file ../../../Engine/Plugins/Editor/FacialAnimation/Binaries/Win64/UE4Editor-FacialAnimation.dll (API version 3709383).
LogModuleManager: Display: Found up-to-date module file ../../../Engine/Plugins/Editor/FacialAnimation/Binaries/Win64/UE4Editor-FacialAnimationEditor.dll (API version 3709383).
LogModuleManager: Display: Found up-to-date module file ../../../Engine/Plugins/Editor/GameplayTagsEditor/Binaries/Win64/UE4Editor-GameplayTagsEditor.dll (API version 3709383).
LogModuleManager: Display: Found up-to-date module file ../../../Engine/Plugins/Editor/MobileLauncherProfileWizard/Binaries/Win64/UE4Editor-MobileLauncherProfileWizard.dll (API version 3709383).
LogModuleManager: Display: Found up-to-date module file ../../../Engine/Plugins/Editor/PluginBrowser/Binaries/Win64/UE4Editor-PluginBrowser.dll (API version 3709383).
LogModuleManager: Display: Found up-to-date module file ../../../Engine/Plugins/Editor/SpeedTreeImporter/Binaries/Win64/UE4Editor-SpeedTreeImporter.dll (API version 3709383).
LogModuleManager: Display: Found up-to-date module file ../../../Engine/Plugins/Experimental/AlembicImporter/Binaries/Win64/UE4Editor-AlembicImporter.dll (API version 3709383).
LogModuleManager: Display: Found up-to-date module file ../../../Engine/Plugins/Experimental/AlembicImporter/Binaries/Win64/UE4Editor-AlembicLibrary.dll (API version 3709383).
LogModuleManager: Display: Found up-to-date module file ../../../Engine/Plugins/Experimental/CharacterAI/Binaries/Win64/UE4Editor-CharacterAI.dll (API version 3709383).
LogModuleManager: Display: Found up-to-date module file ../../../Engine/Plugins/Experimental/HTML5Networking/Binaries/Win64/UE4Editor-HTML5Networking.dll (API version 3709383).
LogModuleManager: Display: Found up-to-date module file ../../../Engine/Plugins/Media/AndroidMedia/Binaries/Win64/UE4Editor-AndroidMediaEditor.dll (API version 3709383).
LogModuleManager: Display: Found up-to-date module file ../../../Engine/Plugins/Media/AndroidMedia/Binaries/Win64/UE4Editor-AndroidMediaFactory.dll (API version 3709383).
LogModuleManager: Display: Found up-to-date module file ../../../Engine/Plugins/Media/AvfMedia/Binaries/Win64/UE4Editor-AvfMediaEditor.dll (API version 3709383).
LogModuleManager: Display: Found up-to-date module file ../../../Engine/Plugins/Media/AvfMedia/Binaries/Win64/UE4Editor-AvfMediaFactory.dll (API version 3709383).
LogModuleManager: Display: Found up-to-date module file ../../../Engine/Plugins/Media/AvfMedia/Binaries/Win64/UE4Editor-AvfMediaFactory.dll (API version 3709383).
LogModuleManager: Display: Found up-to-date module file ../../../Engine/Plugins/Media/ImgMedia/Binaries/Win64/UE4Editor-ImgMedia.dll (API version 3709383).
LogModuleManager: Display: Found up-to-date module file ../../../Engine/Plugins/Media/ImgMedia/Binaries/Win64/UE4Editor-ImgMediaEditor.dll (API version 3709383).
LogModuleManager: Display: Found up-to-date module file ../../../Engine/Plugins/Media/ImgMedia/Binaries/Win64/UE4Editor-ImgMediaFactory.dll (API version 3709383).
LogModuleManager: Display: Found up-to-date module file ../../../Engine/Plugins/Media/ImgMedia/Binaries/Win64/UE4Editor-ImgMediaFactory.dll (API version 3709383).
LogModuleManager: Display: Found up-to-date module file ../../../Engine/Plugins/Media/ImgMedia/Binaries/Win64/UE4Editor-OpenExrWrapper.dll (API version 3709383).
LogModuleManager: Display: Found up-to-date module file ../../../Engine/Plugins/Media/MediaCompositing/Binaries/Win64/UE4Editor-MediaCompositing.dll (API version 3709383).
LogModuleManager: Display: Found up-to-date module file ../../../Engine/Plugins/Media/MediaCompositing/Binaries/Win64/UE4Editor-MediaCompositingEditor.dll (API version 3709383).
LogModuleManager: Display: Found up-to-date module file ../../../Engine/Plugins/Media/MediaPlayerEditor/Binaries/Win64/UE4Editor-MediaPlayerEditor.dll (API version 3709383).
LogModuleManager: Display: Found up-to-date module file ../../../Engine/Plugins/Media/WmfMedia/Binaries/Win64/UE4Editor-WmfMedia.dll (API version 3709383).
LogModuleManager: Display: Found up-to-date module file ../../../Engine/Plugins/Media/WmfMedia/Binaries/Win64/UE4Editor-WmfMediaEditor.dll (API version 3709383).
LogModuleManager: Display: Found up-to-date module file ../../../Engine/Plugins/Media/WmfMedia/Binaries/Win64/UE4Editor-WmfMediaFactory.dll (API version 3709383).
LogModuleManager: Display: Found up-to-date module file ../../../Engine/Plugins/Media/WmfMedia/Binaries/Win64/UE4Editor-WmfMediaFactory.dll (API version 3709383).
LogModuleManager: Display: Found up-to-date module file ../../../Engine/Plugins/Messaging/TcpMessaging/Binaries/Win64/UE4Editor-TcpMessaging.dll (API version 3709383).
LogModuleManager: Display: Found up-to-date module file ../../../Engine/Plugins/Messaging/UdpMessaging/Binaries/Win64/UE4Editor-UdpMessaging.dll (API version 3709383).
LogModuleManager: Display: Found up-to-date module file ../../../Engine/Plugins/MovieScene/ActorSequence/Binaries/Win64/UE4Editor-ActorSequence.dll (API version 3709383).
LogModuleManager: Display: Found up-to-date module file ../../../Engine/Plugins/MovieScene/LevelSequenceEditor/Binaries/Win64/UE4Editor-LevelSequenceEditor.dll (API version 3709383).
LogModuleManager: Display: Found up-to-date module file ../../../Engine/Plugins/MovieScene/MatineeToLevelSequence/Binaries/Win64/UE4Editor-MatineeToLevelSequence.dll (API version 3709383).
LogModuleManager: Display: Found up-to-date module file ../../../Engine/Plugins/Online/OnlineSubsystem/Binaries/Win64/UE4Editor-OnlineSubsystem.dll (API version 3709383).
LogModuleManager: Display: Found up-to-date module file ../../../Engine/Plugins/Runtime/AndroidPermission/Binaries/Win64/UE4Editor-AndroidPermission.dll (API version 3709383).
LogModuleManager: Display: Found up-to-date module file ../../../Engine/Plugins/Online/OnlineSubsystemNull/Binaries/Win64/UE4Editor-OnlineSubsystemNull.dll (API version 3709383).
LogModuleManager: Display: Found up-to-date module file ../../../Engine/Plugins/Online/OnlineSubsystemUtils/Binaries/Win64/UE4Editor-OnlineSubsystemUtils.dll (API version 3709383).
LogModuleManager: Display: Found up-to-date module file ../../../Engine/Plugins/Online/OnlineSubsystemUtils/Binaries/Win64/UE4Editor-OnlineBlueprintSupport.dll (API version 3709383).
LogModuleManager: Display: Found up-to-date module file ../../../Engine/Plugins/Runtime/AndroidDeviceProfileSelector/Binaries/Win64/UE4Editor-AndroidDeviceProfileSelector.dll (API version 3709383).
LogModuleManager: Display: Found up-to-date module file ../../../Engine/Plugins/Runtime/AppleARKit/Binaries/Win64/UE4Editor-AppleARKit.dll (API version 3709383).
LogModuleManager: Display: Found up-to-date module file ../../../Engine/Plugins/Runtime/ArchVisCharacter/Binaries/Win64/UE4Editor-ArchVisCharacter.dll (API version 3709383).
LogModuleManager: Display: Found up-to-date module file ../../../Engine/Plugins/Runtime/CableComponent/Binaries/Win64/UE4Editor-CableComponent.dll (API version 3709383).
LogModuleManager: Display: Found up-to-date module file ../../../Engine/Plugins/Runtime/CustomMeshComponent/Binaries/Win64/UE4Editor-CustomMeshComponent.dll (API version 3709383).
LogModuleManager: Display: Found up-to-date module file ../../../Engine/Plugins/Runtime/ExampleDeviceProfileSelector/Binaries/Win64/UE4Editor-ExampleDeviceProfileSelector.dll (API version 3709383).
LogModuleManager: Display: Found up-to-date module file ../../../Engine/Plugins/Runtime/ImmediatePhysics/Binaries/Win64/UE4Editor-ImmediatePhysics.dll (API version 3709383).
LogModuleManager: Display: Found up-to-date module file ../../../Engine/Plugins/Runtime/ImmediatePhysics/Binaries/Win64/UE4Editor-ImmediatePhysicsEditor.dll (API version 3709383).
LogModuleManager: Display: Found up-to-date module file ../../../Engine/Plugins/Runtime/LocationServicesBPLibrary/Binaries/Win64/UE4Editor-LocationServicesBPLibrary.dll (API version 3709383).
LogModuleManager: Display: Found up-to-date module file ../../../Engine/Plugins/Runtime/MobilePatchingUtils/Binaries/Win64/UE4Editor-MobilePatchingUtils.dll (API version 3709383).
LogModuleManager: Display: Found up-to-date module file ../../../Engine/Plugins/Runtime/Oculus/OculusVR/Binaries/Win64/UE4Editor-OculusHMD.dll (API version 3709383).
LogModuleManager: Display: Found up-to-date module file ../../../Engine/Plugins/Runtime/Oculus/OculusVR/Binaries/Win64/UE4Editor-OculusInput.dll (API version 3709383).
LogModuleManager: Display: Found up-to-date module file ../../../Engine/Plugins/Runtime/Oculus/OculusVR/Binaries/Win64/UE4Editor-OculusEditor.dll (API version 3709383).
LogModuleManager: Display: Found up-to-date module file ../../../Engine/Plugins/Runtime/PhysXVehicles/Binaries/Win64/UE4Editor-PhysXVehicles.dll (API version 3709383).
LogModuleManager: Display: Found up-to-date module file ../../../Engine/Plugins/Runtime/PhysXVehicles/Binaries/Win64/UE4Editor-PhysXVehiclesEditor.dll (API version 3709383).
LogModuleManager: Display: Found up-to-date module file ../../../Engine/Plugins/Runtime/ProceduralMeshComponent/Binaries/Win64/UE4Editor-ProceduralMeshComponent.dll (API version 3709383).
LogModuleManager: Display: Found up-to-date module file ../../../Engine/Plugins/Runtime/ProceduralMeshComponent/Binaries/Win64/UE4Editor-ProceduralMeshComponentEditor.dll (API version 3709383).
LogModuleManager: Display: Found up-to-date module file ../../../Engine/Plugins/Runtime/RuntimePhysXCooking/Binaries/Win64/UE4Editor-RuntimePhysXCooking.dll (API version 3709383).
LogModuleManager: Display: Found up-to-date module file ../../../Engine/Plugins/Runtime/Steam/SteamVR/Binaries/Win64/UE4Editor-SteamVR.dll (API version 3709383).
LogModuleManager: Display: Found up-to-date module file ../../../Engine/Plugins/Runtime/Steam/SteamVR/Binaries/Win64/UE4Editor-SteamVRController.dll (API version 3709383).
LogModuleManager: Display: Found up-to-date module file ../../../Engine/Plugins/Runtime/WindowsMoviePlayer/Binaries/Win64/UE4Editor-WindowsMoviePlayer.dll (API version 3709383).
LogPluginManager: Mounting plugin Paper2D
LogPluginManager: Mounting plugin LightPropagationVolume
LogPluginManager: Mounting plugin CodeLiteSourceCodeAccess
LogPluginManager: Mounting plugin GitSourceControl
LogPluginManager: Mounting plugin KDevelopSourceCodeAccess
LogPluginManager: Mounting plugin NullSourceCodeAccess
LogPluginManager: Mounting plugin PerforceSourceControl
LogPluginManager: Mounting plugin SubversionSourceControl
LogPluginManager: Mounting plugin UObjectPlugin
LogPluginManager: Mounting plugin VisualStudioCodeSourceCodeAccess
LogPluginManager: Mounting plugin VisualStudioSourceCodeAccess
LogPluginManager: Mounting plugin XCodeSourceCodeAccess
LogPluginManager: Mounting plugin AssetManagerEditor
LogPluginManager: Mounting plugin AudioCapture
LogPluginManager: Mounting plugin FacialAnimation
LogPluginManager: Mounting plugin GameplayTagsEditor
LogPluginManager: Mounting plugin MobileLauncherProfileWizard
LogPluginManager: Mounting plugin PluginBrowser
LogPluginManager: Mounting plugin SpeedTreeImporter
LogPluginManager: Mounting plugin AlembicImporter
LogPluginManager: Mounting plugin CharacterAI
LogPluginManager: Mounting plugin HTML5Networking
LogPluginManager: Mounting plugin AndroidMedia
LogPluginManager: Mounting plugin AvfMedia
LogPluginManager: Mounting plugin ImgMedia
LogPluginManager: Mounting plugin MediaCompositing
LogPluginManager: Mounting plugin MediaPlayerEditor
LogPluginManager: Mounting plugin WmfMedia
LogPluginManager: Mounting plugin TcpMessaging
LogPluginManager: Mounting plugin UdpMessaging
LogPluginManager: Mounting plugin ActorSequence
LogPluginManager: Mounting plugin LevelSequenceEditor
LogPluginManager: Mounting plugin MatineeToLevelSequence
LogPluginManager: Mounting plugin OnlineSubsystemGooglePlay
LogPluginManager: Mounting plugin OnlineSubsystemIOS
LogPluginManager: Mounting plugin OnlineSubsystem
LogPluginManager: Mounting plugin OnlineSubsystemNull
LogPluginManager: Mounting plugin OnlineSubsystemUtils
LogPluginManager: Mounting plugin AndroidDeviceProfileSelector
LogPluginManager: Mounting plugin AndroidMoviePlayer
LogPluginManager: Mounting plugin AndroidPermission
LogPluginManager: Mounting plugin AppleARKit
LogPluginManager: Mounting plugin AppleMoviePlayer
LogPluginManager: Mounting plugin ArchVisCharacter
LogPluginManager: Mounting plugin CableComponent
LogPluginManager: Mounting plugin CustomMeshComponent
LogPluginManager: Mounting plugin ExampleDeviceProfileSelector
LogPluginManager: Mounting plugin GoogleCloudMessaging
LogPluginManager: Mounting plugin ImmediatePhysics
LogPluginManager: Mounting plugin IOSDeviceProfileSelector
LogPluginManager: Mounting plugin LinuxDeviceProfileSelector
LogPluginManager: Mounting plugin LocationServicesBPLibrary
LogPluginManager: Mounting plugin MobilePatchingUtils
LogPluginManager: Mounting plugin OculusVR
LogPluginManager: Plugin shader directory ../../../Engine/Plugins/Runtime/Oculus/OculusVR/Shaders found
LogPluginManager: Mapping shader source directory ../../../Engine/Plugins/Runtime/Oculus/OculusVR/Shaders to virtual directory /Plugin/OculusVR
LogPluginManager: Mounting plugin PhysXVehicles
LogPluginManager: Mounting plugin ProceduralMeshComponent
LogPluginManager: Mounting plugin RuntimePhysXCooking
LogPluginManager: Mounting plugin SteamVR
LogPluginManager: Mounting plugin WindowsMoviePlayer
LogInit: Using libcurl 7.47.1
LogInit:  - built for x86_64-pc-win32
LogInit:  - supports SSL with OpenSSL/1.0.2g
LogInit:  - supports HTTP deflate (compression) using libz 1.2.8
LogInit:  - other features:
LogInit:      CURL_VERSION_SSL
LogInit:      CURL_VERSION_LIBZ
LogInit:      CURL_VERSION_IPV6
LogInit:      CURL_VERSION_ASYNCHDNS
LogInit:      CURL_VERSION_LARGEFILE
LogInit:      CURL_VERSION_IDN
LogInit:  CurlRequestOptions (configurable via config and command line):
LogInit:  - bVerifyPeer = false  - Libcurl will NOT verify peer certificate
LogInit:  - bUseHttpProxy = false  - Libcurl will NOT use HTTP proxy
LogInit:  - bDontReuseConnections = false  - Libcurl will reuse connections
LogInit:  - CertBundlePath = nullptr  - Libcurl will use whatever was configured at build time.
LogInit: Build: ++UE4+Release-4.18-CL-3709383
LogInit: Engine Version: 4.18.0-3709383+++UE4+Release-4.18
LogInit: Compatible Engine Version: 4.18.0-3709383+++UE4+Release-4.18
LogInit: Net CL: 3709383
LogDevObjectVersion: Number of dev versions registered: 16
LogDevObjectVersion:   Dev-Blueprints (B0D832E4-1F89-4F0D-ACCF-7EB736FD4AA2): 10
LogDevObjectVersion:   Dev-Build (E1C64328-A22C-4D53-A36C-8E866417BD8C): 0
LogDevObjectVersion:   Dev-Core (375EC13C-06E4-48FB-B500-84F0262A717E): 2
LogDevObjectVersion:   Dev-Editor (E4B068ED-F494-42E9-A231-DA0B2E46BB41): 20
LogDevObjectVersion:   Dev-Framework (CFFC743F-43B0-4480-9391-14DF171D2073): 30
LogDevObjectVersion:   Dev-Mobile (B02B49B5-BB20-44E9-A304-32B752E40360): 0
LogDevObjectVersion:   Dev-Networking (A4E4105C-59A1-49B5-A7C5-40C4547EDFEE): 0
LogDevObjectVersion:   Dev-Online (39C831C9-5AE6-47DC-9A44-9C173E1C8E7C): 0
LogDevObjectVersion:   Dev-Physics (78F01B33-EBEA-4F98-B9B4-84EACCB95AA2): 0
LogDevObjectVersion:   Dev-Platform (6631380F-2D4D-43E0-8009-CF276956A95A): 0
LogDevObjectVersion:   Dev-Rendering (12F88B9F-8875-4AFC-A67C-D90C383ABD29): 20
LogDevObjectVersion:   Dev-Sequencer (7B5AE74C-D270-4C10-A958-57980B212A5A): 4
LogDevObjectVersion:   Dev-VR (D7296918-1DD6-4BDD-9DE2-64A83CC13884): 0
LogDevObjectVersion:   Dev-LoadTimes (C2A15278-BFE7-4AFE-6C17-90FF531DF755): 1
LogDevObjectVersion:   Private-Geometry (6EACA3D4-40EC-4CC1-B786-8BED09428FC5): 1
LogDevObjectVersion:   Dev-AnimPhys (29E575DD-E0A3-4627-9D10-D276232CDCEA): 12
LogInit: Compiled (64-bit): Oct 20 2017 10:39:19
LogInit: Compiled with Visual C++: 19.00.24215.01
LogInit: Build Configuration: Development
LogInit: Branch Name: ++UE4+Release-4.18
LogInit: Command line: -EpicPortal 
LogInit: Base directory: F:/ue4/UE_4.18/Engine/Binaries/Win64/
LogInit: Installed Engine Build: 1
LogInit: Presizing for max 8388607 objects, including 0 objects not considered by GC, pre-allocating 0 bytes for permanent pool.
LogInit: Object subsystem initialized
[2017.11.04-02.12.56:431][  0]LogInit: Selected Device Profile: [Windows]
[2017.11.04-02.12.56:431][  0]LogInit: Applying CVar settings loaded from the selected device profile: [Windows]
[2017.11.04-02.12.56:444][  0]LogInit: Computer: DESKTOP-LM1R70K
[2017.11.04-02.12.56:444][  0]LogInit: User: Get
[2017.11.04-02.12.56:444][  0]LogInit: CPU Page size=4096, Cores=4
[2017.11.04-02.12.56:444][  0]LogInit: High frequency timer resolution =2.533197 MHz
[2017.11.04-02.12.56:445][  0]LogMemory: Memory total: Physical=16.0GB (16GB approx)
[2017.11.04-02.12.56:445][  0]LogMemory: Platform Memory Stats for Windows
[2017.11.04-02.12.56:445][  0]LogMemory: Process Physical Memory: 272.99 MB used, 272.99 MB peak
[2017.11.04-02.12.56:445][  0]LogMemory: Process Virtual Memory: 272.05 MB used, 272.05 MB peak
[2017.11.04-02.12.56:445][  0]LogMemory: Physical Memory: 7905.06 MB used,  8430.06 MB free, 16335.12 MB total
[2017.11.04-02.12.56:445][  0]LogMemory: Virtual Memory: 650.76 MB used,  8430.06 MB free, 134217728.00 MB total
[2017.11.04-02.12.56:582][  0]LogInit: Using OS detected language (zh-CN).
[2017.11.04-02.12.56:582][  0]LogInit: Using OS detected locale (zh-CN).
[2017.11.04-02.12.56:715][  0]LogInit: Setting process to per monitor DPI aware
[2017.11.04-02.12.57:103][  0]LogD3D11RHI: D3D11 adapters:
[2017.11.04-02.12.57:174][  0]LogD3D11RHI:    0. 'NVIDIA GeForce GTX 970M' (Feature Level 11_0)
[2017.11.04-02.12.57:174][  0]LogD3D11RHI:       3038/0/8167 MB DedicatedVideo/DedicatedSystem/SharedSystem, Outputs:2, VendorId:0x10de
[2017.11.04-02.12.57:177][  0]LogD3D11RHI:    1. 'Microsoft Basic Render Driver' (Feature Level 11_0)
[2017.11.04-02.12.57:177][  0]LogD3D11RHI:       0/0/8167 MB DedicatedVideo/DedicatedSystem/SharedSystem, Outputs:0, VendorId:0x1414
[2017.11.04-02.12.57:177][  0]LogD3D11RHI: Chosen D3D11 Adapter: 0
[2017.11.04-02.12.57:192][  0]LogD3D11RHI: Creating new Direct3DDevice
[2017.11.04-02.12.57:192][  0]LogD3D11RHI:     GPU DeviceId: 0x13d8 (for the marketing name, search the web for "GPU Device Id")
[2017.11.04-02.12.57:192][  0]LogWindows: EnumDisplayDevices:
[2017.11.04-02.12.57:192][  0]LogWindows:    0. 'NVIDIA GeForce GTX 970M' (P:0 D:1)
[2017.11.04-02.12.57:193][  0]LogWindows:    1. 'NVIDIA GeForce GTX 970M' (P:1 D:1)
[2017.11.04-02.12.57:194][  0]LogWindows:    2. 'NVIDIA GeForce GTX 970M' (P:0 D:0)
[2017.11.04-02.12.57:196][  0]LogWindows:    3. 'NVIDIA GeForce GTX 970M' (P:0 D:0)
[2017.11.04-02.12.57:197][  0]LogWindows: DebugString: FoundDriverCount:4 
[2017.11.04-02.12.57:197][  0]LogD3D11RHI:     Adapter Name: NVIDIA GeForce GTX 970M
[2017.11.04-02.12.57:197][  0]LogD3D11RHI:   Driver Version: 382.05 (internal:22.21.13.8205, unified:382.05)
[2017.11.04-02.12.57:197][  0]LogD3D11RHI:      Driver Date: 5-1-2017
[2017.11.04-02.12.57:197][  0]LogRHI: Texture pool is 2127 MB (70% of 3038 MB)
[2017.11.04-02.12.57:241][  0]LogD3D11RHI: Async texture creation enabled
[2017.11.04-02.12.57:254][  0]LogD3D11RHI: GPU Timing Frequency: 1000.000000 (Debug: 2 1)
[2017.11.04-02.12.57:350][  0]LogShaderCompilers: Guid format shader working directory is 17 characters bigger than the processId version (../../../../../ue4PJ/Demod/Intermediate/Shaders/WorkingDirectory/16328/).
[2017.11.04-02.12.57:351][  0]LogShaderCompilers: Cleaned the shader compiler working directory 'C:/Users/Get/AppData/Local/Temp/UnrealShaderWorkingDir/138237B549410FE746930BB0F71BBEE7/'.
[2017.11.04-02.12.57:351][  0]LogShaderCompilers: Display: Using Local Shader Compiler.
[2017.11.04-02.12.58:491][  0]LogTemp: Display: Loaded TP AllDesktopTargetPlatform
[2017.11.04-02.12.58:548][  0]LogTemp: Display: Loaded TP MacClientTargetPlatform
[2017.11.04-02.12.58:600][  0]LogTemp: Display: Loaded TP MacNoEditorTargetPlatform
[2017.11.04-02.12.58:653][  0]LogTemp: Display: Loaded TP MacServerTargetPlatform
[2017.11.04-02.12.58:705][  0]LogTemp: Display: Loaded TP MacTargetPlatform
[2017.11.04-02.12.58:757][  0]LogTemp: Display: Loaded TP WindowsClientTargetPlatform
[2017.11.04-02.12.58:816][  0]LogTemp: Display: Loaded TP WindowsNoEditorTargetPlatform
[2017.11.04-02.12.58:872][  0]LogTemp: Display: Loaded TP WindowsServerTargetPlatform
[2017.11.04-02.12.58:916][  0]LogTemp: Display: Loaded TP WindowsTargetPlatform
[2017.11.04-02.12.58:966][  0]LogTemp: Display: Loaded TP Android_ASTCTargetPlatform
[2017.11.04-02.12.59:018][  0]LogTemp: Display: Loaded TP Android_ATCTargetPlatform
[2017.11.04-02.12.59:075][  0]LogTemp: Display: Loaded TP Android_DXTTargetPlatform
[2017.11.04-02.12.59:126][  0]LogTemp: Display: Loaded TP Android_ETC1TargetPlatform
[2017.11.04-02.12.59:177][  0]LogTemp: Display: Loaded TP Android_ETC2TargetPlatform
[2017.11.04-02.12.59:290][  0]LogTemp: Display: Loaded TP Android_MultiTargetPlatform
[2017.11.04-02.12.59:290][  0]LogTemp: Display: Loaded TP Android_PVRTCTargetPlatform
[2017.11.04-02.12.59:342][  0]LogTemp: Display: Loaded TP AndroidTargetPlatform
[2017.11.04-02.12.59:380][  0]LogTemp: Display: Loaded TP HTML5TargetPlatform
[2017.11.04-02.12.59:470][  0]LogTemp: Display: Loaded TP IOSTargetPlatform
[2017.11.04-02.12.59:496][  0]LogTemp: Display: Loaded TP TVOSTargetPlatform
[2017.11.04-02.12.59:550][  0]LogTemp: Display: Loaded TP LinuxClientTargetPlatform
[2017.11.04-02.12.59:605][  0]LogTemp: Display: Loaded TP LinuxNoEditorTargetPlatform
[2017.11.04-02.12.59:664][  0]LogTemp: Display: Loaded TP LinuxServerTargetPlatform
[2017.11.04-02.12.59:723][  0]LogTemp: Display: Loaded TP LinuxTargetPlatform
[2017.11.04-02.12.59:723][  0]LogTargetPlatformManager: Display: Building Assets For Windows
[2017.11.04-02.13.00:162][  0]LogDerivedDataCache: Display: Max Cache Size: 512 MB
[2017.11.04-02.13.00:254][  0]LogDerivedDataCache: Loaded boot cache 0.09s 78MB C:/Users/Get/AppData/Local/UnrealEngine/4.18/DerivedDataCache/Boot.ddc.
[2017.11.04-02.13.00:254][  0]LogDerivedDataCache: Display: Loaded Boot cache: C:/Users/Get/AppData/Local/UnrealEngine/4.18/DerivedDataCache/Boot.ddc
[2017.11.04-02.13.00:255][  0]LogDerivedDataCache: FDerivedDataBackendGraph:  Pak pak cache file ../../../../../ue4PJ/Demod/DerivedDataCache/DDC.ddp not found, will not use a pak cache.
[2017.11.04-02.13.00:255][  0]LogDerivedDataCache: Unable to find inner node Pak for hierarchical cache Hierarchy.
[2017.11.04-02.13.00:255][  0]LogDerivedDataCache: FDerivedDataBackendGraph:  CompressedPak pak cache file ../../../../../ue4PJ/Demod/DerivedDataCache/Compressed.ddp not found, will not use a pak cache.
[2017.11.04-02.13.00:255][  0]LogDerivedDataCache: Unable to find inner node CompressedPak for hierarchical cache Hierarchy.
[2017.11.04-02.13.00:276][  0]LogDerivedDataCache: Display: Pak cache opened for reading ../../../Engine/DerivedDataCache/Compressed.ddp.
[2017.11.04-02.13.00:289][  0]LogDerivedDataCache: Using Local data cache path C:/Users/Get/AppData/Local/UnrealEngine/Common/DerivedDataCache: Writable
[2017.11.04-02.13.00:301][  0]LogMaterial: Verifying Global Shaders for PCD3D_SM5
[2017.11.04-02.13.00:301][  0]LogSlate: Using Freetype 2.6.0
[2017.11.04-02.13.00:302][  0]LogSlate: SlateFontCache - WITH_FREETYPE: 1, WITH_HARFBUZZ: 1
[2017.11.04-02.13.00:302][  0]LogSlate: SlateFontCache - WITH_FREETYPE: 1, WITH_HARFBUZZ: 1
[2017.11.04-02.13.00:776][  0]LogInit: Selected Device Profile: [Windows]
[2017.11.04-02.13.01:052][  0]LogSimplygon: Simplygon DLL not present - disabling.
[2017.11.04-02.13.01:090][  0]LogMeshReduction: Using SimplygonSwarm for distributed automatic mesh merging
[2017.11.04-02.13.01:090][  0]LogMeshReduction: Using QuadricMeshReduction for automatic static mesh reduction
[2017.11.04-02.13.01:090][  0]LogMeshReduction: No automatic skeletal mesh reduction module available
[2017.11.04-02.13.01:090][  0]LogMeshReduction: No automatic mesh merging module available
[2017.11.04-02.13.01:090][  0]LogMeshMerging: No automatic mesh merging module available
[2017.11.04-02.13.01:212][  0]LogNetVersion: Demod , NetCL: 3709383, EngineNetVer: 2, GameNetVer: 0 (Checksum: 2182694554)
[2017.11.04-02.13.01:403][  0]LogAssetRegistry: FAssetRegistry took 0.0260 seconds to start up
[2017.11.04-02.13.02:168][  0]LogPackageLocalizationCache: Processed 7 localized package path(s) for 4 prioritized culture(s) in 0.174733 seconds
[2017.11.04-02.13.02:174][  0]LogUObjectArray: 35900 objects as part of root set at end of initial load.
[2017.11.04-02.13.02:174][  0]LogUObjectAllocator: 7372024 out of 0 bytes used by permanent object pool.
[2017.11.04-02.13.02:174][  0]LogUObjectArray: CloseDisregardForGC: 0/0 objects in disregard for GC pool
[2017.11.04-02.13.02:217][  0]LogInit: WinSock: version 1.1 (2.2), MaxSocks=32767, MaxUdp=65467
[2017.11.04-02.13.05:253][  0]LogTcpMessaging: Initializing TcpMessaging bridge
[2017.11.04-02.13.05:299][  0]LogUdpMessaging: Initializing bridge on interface 0.0.0.0:0 to multicast group 230.0.0.1:6666.
[2017.11.04-02.13.06:083][  0]LogMaterial: Uniform references updated for custom material expression Custom.
[2017.11.04-02.13.06:548][  0]SourceControl: 源码控制已禁用
[2017.11.04-02.13.06:548][  0]SourceControl: 源码控制已禁用
[2017.11.04-02.13.06:609][  0]SourceControl: 源码控制已禁用
[2017.11.04-02.13.06:676][  0]SourceControl: 源码控制已禁用
[2017.11.04-02.13.07:652][  0]LogAndroidPermission: UAndroidPermissionCallbackProxy::GetInstance
[2017.11.04-02.13.07:988][  0]LogOcInput: OculusInput pre-init called
[2017.11.04-02.13.08:328][  0]LogEngine: Initializing Engine...
[2017.11.04-02.14.04:469][  0]LogHMD: Failed to initialize OpenVR with code 308
[2017.11.04-02.14.04:887][  0]LogStats: UGameplayTagsManager::ConstructGameplayTagTree: Construct from data asset -  0.000 s
[2017.11.04-02.14.04:887][  0]LogStats: UGameplayTagsManager::ConstructGameplayTagTree: GameplayTagTreeChangedEvent.Broadcast -  0.000 s
[2017.11.04-02.14.05:158][  0]LogAIModule: Creating AISystem for world Untitled
[2017.11.04-02.14.05:228][  0]LogInit: XAudio2 using '扬声器 (Realtek High Definition Audio)' : 2 channels at 48 kHz using 32 bits per sample (channel mask 0x3)
[2017.11.04-02.14.05:333][  0]LogInit: FAudioDevice initialized.
[2017.11.04-02.14.05:455][  0]LogDerivedDataCache: Saved boot cache 0.12s 78MB C:/Users/Get/AppData/Local/UnrealEngine/4.18/DerivedDataCache/Boot.ddc.
[2017.11.04-02.14.05:463][  0]LogInit: Texture streaming: Enabled
[2017.11.04-02.14.05:644][  0]LogEngineSessionManager: EngineSessionManager initialized
[2017.11.04-02.14.05:880][  0]LogInit: Transaction tracking system initialized
[2017.11.04-02.14.06:443][  0]BlueprintLog: New page: 编辑器加载
[2017.11.04-02.14.08:543][  0]LocalizationService: 本地化服务已被禁用
[2017.11.04-02.14.09:460][  0]LogLinker: Warning: 无法寻找到文件'/Game/TopDownBP/TopDownOverview'
[2017.11.04-02.14.09:460][  0]LogLinker: Warning: 无法寻找到文件'/Game/TopDownBP/TopDownOverview'
[2017.11.04-02.14.09:460][  0]LogUObjectGlobals: Warning: 寻找对象'Class /Game/TopDownBP/TopDownOverview.TopDownOverview_C'失败
[2017.11.04-02.14.09:812][  0]LogConsoleResponse: Display: 
[2017.11.04-02.14.10:142][  0]LogCook: Display: Max memory allowance for cook 16384mb min free memory 0mb
[2017.11.04-02.14.10:143][  0]LogCook: Display: Mobile HDR setting 1
[2017.11.04-02.14.10:143][  0]LogGameplayTags: Display: UGameplayTagsManager::DoneAddingNativeTags. DelegateIsBound: 0
[2017.11.04-02.14.10:501][  0]LogFileCache: Scanning file cache for directory 'F:/ue4PJ/Demod/Content/' took 0.02s
[2017.11.04-02.14.12:114][  0]SourceControl: 源码控制已禁用
[2017.11.04-02.14.12:114][  0]Cmd: MAP LOAD FILE="../../../../../ue4PJ/Demod/Content/StarterContent/Maps/Minimal_Default.umap" TEMPLATE=0 SHOWPROGRESS=1 FEATURELEVEL=3
[2017.11.04-02.14.12:115][  0]LightingResults: New page: 光照构建
[2017.11.04-02.14.12:159][  0]MapCheck: New page: 地图检测
[2017.11.04-02.14.12:159][  0]LightingResults: New page: 光照构建
[2017.11.04-02.14.12:534][  0]LogAIModule: Creating AISystem for world Minimal_Default
[2017.11.04-02.14.12:543][  0]LogEditorServer: Finished looking for orphan Actors (0.000 secs)
[2017.11.04-02.14.12:563][  0]Cmd: MAP CHECKDEP NOCLEARLOG
[2017.11.04-02.14.12:633][  0]MapCheck: 地图检测完成：0个错误，0 个警告，用时69.86毫秒完成。
[2017.11.04-02.14.12:633][  0]LogFileHelpers: Loading map 'Minimal_Default' took 0.519
[2017.11.04-02.14.12:831][  0]LogCollectionManager: Loaded 0 collections in 0.001081 seconds
[2017.11.04-02.14.12:923][  0]LogFileCache: Scanning file cache for directory 'F:/ue4PJ/Demod/Saved/Collections/' took 0.01s
[2017.11.04-02.14.12:924][  0]LogFileCache: Scanning file cache for directory 'F:/ue4PJ/Demod/Content/Developers/Get/Collections/' took 0.01s
[2017.11.04-02.14.12:924][  0]LogFileCache: Scanning file cache for directory 'F:/ue4PJ/Demod/Content/Collections/' took 0.01s
[2017.11.04-02.14.12:924][  0]LogCollectionManager: Rebuilt the GUID cache for 0 collections in 0.000000 seconds
[2017.11.04-02.14.12:934][  0]LogContentBrowser: Native class hierarchy populated in 0.0106 seconds. Added 2363 classes and 519 folders.
[2017.11.04-02.14.13:013][  0]LogContentBrowser: Native class hierarchy updated for 'WidgetCarousel' in 0.0005 seconds. Added 0 classes and 0 folders.
[2017.11.04-02.14.13:078][  0]LogContentBrowser: Native class hierarchy updated for 'AddContentDialog' in 0.0003 seconds. Added 0 classes and 0 folders.
[2017.11.04-02.14.13:129][  0]LogContentBrowser: Native class hierarchy updated for 'SceneOutliner' in 0.0003 seconds. Added 1 classes and 2 folders.
[2017.11.04-02.14.13:229][  0]LogSlate: Took 0.000546 seconds to synchronously load lazily loaded font '../../../Engine/Content/Slate/Fonts/Roboto-Regular.ttf' (155K)
[2017.11.04-02.14.13:236][  0]LogSlate: Took 0.005237 seconds to synchronously load lazily loaded font '../../../Engine/Content/Slate/Fonts/DroidSansFallback.ttf' (3848K)
[2017.11.04-02.14.13:237][  0]LogSlate: Took 0.000334 seconds to synchronously load lazily loaded font '../../../Engine/Content/Slate/Fonts/Roboto-Bold.ttf' (160K)
[2017.11.04-02.14.13:242][  0]LogSlate: Took 0.000253 seconds to synchronously load lazily loaded font '../../../Engine/Content/Editor/Slate/Fonts/FontAwesome.ttf' (139K)
[2017.11.04-02.14.13:369][  0]LogRenderer: Reallocating scene render targets to support 1236x388 Format 10 NumSamples 1 (Frame:1).
[2017.11.04-02.14.13:587][  0]LogContentBrowser: Native class hierarchy updated for 'HierarchicalLODOutliner' in 0.0006 seconds. Added 1 classes and 2 folders.
[2017.11.04-02.14.13:587][  0]LogLoad: (Engine Initialization) Total time: 80.23 seconds
[2017.11.04-02.14.13:587][  0]LogLoad: (Engine Initialization) Total Blueprint compile time: 0.00 seconds
[2017.11.04-02.14.13:587][  0]LogExternalProfiler: No external profilers were discovered.  External profiling features will not be available.
[2017.11.04-02.14.13:954][  0]LogContentStreaming: Texture pool size now 1000 MB
[2017.11.04-02.14.14:271][  1]LogAssetRegistry: Asset discovery search completed in 72.8910 seconds
[2017.11.04-02.14.14:274][  1]LogCollectionManager: Rebuilt the object cache for 0 collections in 0.000001 seconds (found 0 objects)
[2017.11.04-02.14.14:274][  1]LogCollectionManager: Fixed up redirectors for 0 collections in 0.000156 seconds (updated 0 objects)
[2017.11.04-02.14.18:269][ 13]LogSlate: Took 0.000392 seconds to synchronously load lazily loaded font '../../../Engine/Content/Slate/Fonts/Roboto-Light.ttf' (159K)
[2017.11.04-02.22.23:471][964]LogSlate: Only BGRA pngs, bmps or icos are supported in by External Image Picker
[2017.11.04-02.22.23:571][965]LogTemp: Executing iPhonePackager certificates Engine -bundlename com.YourCompany.Demod
[2017.11.04-02.22.23:572][965]LogTemp: CWD: F:\ue4\UE_4.18\Engine\Binaries\DotNET\IOS
[2017.11.04-02.22.23:572][965]LogTemp: Initial Dir: F:\ue4\UE_4.18
[2017.11.04-02.22.23:572][965]LogTemp: Env CWD: F:\ue4\UE_4.18\Engine\Binaries\DotNET\IOS
[2017.11.04-02.22.23:572][965]LogTemp: BranchPath = DESKTOP-LM1R70K/F/ue4/UE_4.18/Engine/Binaries --- GameBranchPath = DESKTOP-LM1R70K/F/ue4/UE_4.18/Engine/Binaries
[2017.11.04-02.22.23:572][965]LogTemp: IPP ERROR: Could not find provision directory 'C:\Users\Get\AppData\Local/Apple Computer/MobileDevice/Provisioning Profiles/'.
[2017.11.04-02.25.08:833][611]LogTemp: Repeating last play command: 选中的视口
[2017.11.04-02.25.08:861][611]LogBlueprintUserMessages: Early PlayInEditor Detection: Level '/Game/StarterContent/Maps/Minimal_Default.Minimal_Default:PersistentLevel' has LevelScriptBlueprint '/Game/StarterContent/Maps/Minimal_Default.Minimal_Default:PersistentLevel.Minimal_Default' with GeneratedClass '/Game/StarterContent/Maps/Minimal_Default.Minimal_Default_C' with ClassGeneratedBy '/Game/StarterContent/Maps/Minimal_Default.Minimal_Default:PersistentLevel.Minimal_Default'
[2017.11.04-02.25.08:861][611]LogPlayLevel: PlayLevel: No blueprints needed recompiling
[2017.11.04-02.25.08:861][611]PIE: New page: PIE会话: Minimal_Default (2017年11月4日 下午6:25:08)
[2017.11.04-02.25.08:862][611]LogPlayLevel: Creating play world package: /Game/StarterContent/Maps/UEDPIE_0_Minimal_Default
[2017.11.04-02.25.08:871][611]LogPlayLevel: PIE: StaticDuplicateObject took: (0.009372s)
[2017.11.04-02.25.08:872][611]LogAIModule: Creating AISystem for world Minimal_Default
[2017.11.04-02.25.08:873][611]LogPlayLevel: PIE: World Init took: (0.001545s)
[2017.11.04-02.25.08:873][611]LogPlayLevel: PIE: Created PIE world by copying editor world from /Game/StarterContent/Maps/Minimal_Default.Minimal_Default to /Game/StarterContent/Maps/UEDPIE_0_Minimal_Default.Minimal_Default (0.011545s)
[2017.11.04-02.25.08:906][611]LogInit: XAudio2 using '扬声器 (Realtek High Definition Audio)' : 2 channels at 48 kHz using 32 bits per sample (channel mask 0x3)
[2017.11.04-02.25.08:953][611]LogInit: FAudioDevice initialized.
[2017.11.04-02.25.09:000][611]LogLoad: Game class is 'GameModeBase'
[2017.11.04-02.25.09:003][611]LogWorld: Bringing World /Game/StarterContent/Maps/UEDPIE_0_Minimal_Default.Minimal_Default up for play (max tick rate 60) at 2017.11.04-10.25.09
[2017.11.04-02.25.09:003][611]LogWorld: Bringing up level for play took: 0.001101
[2017.11.04-02.25.09:043][611]LogContentBrowser: Native class hierarchy updated for 'MovieSceneCapture' in 0.0004 seconds. Added 11 classes and 0 folders.
[2017.11.04-02.25.09:044][611]PIE: /Game/StarterContent/Maps/UEDPIE_0_Minimal_Default的‘在编辑器中播放’的起始时间0.033
[2017.11.04-02.25.09:044][611]LogBlueprintUserMessages: Late PlayInEditor Detection: Level '/Game/StarterContent/Maps/Minimal_Default.Minimal_Default:PersistentLevel' has LevelScriptBlueprint '/Game/StarterContent/Maps/Minimal_Default.Minimal_Default:PersistentLevel.Minimal_Default' with GeneratedClass '/Game/StarterContent/Maps/Minimal_Default.Minimal_Default_C' with ClassGeneratedBy '/Game/StarterContent/Maps/Minimal_Default.Minimal_Default:PersistentLevel.Minimal_Default'
[2017.11.04-02.25.32:020][986]LogBlueprintUserMessages: Early EndPlayMap Detection: Level '/Game/StarterContent/Maps/Minimal_Default.Minimal_Default:PersistentLevel' has LevelScriptBlueprint '/Game/StarterContent/Maps/Minimal_Default.Minimal_Default:PersistentLevel.Minimal_Default' with GeneratedClass '/Game/StarterContent/Maps/Minimal_Default.Minimal_Default_C' with ClassGeneratedBy '/Game/StarterContent/Maps/Minimal_Default.Minimal_Default:PersistentLevel.Minimal_Default'
[2017.11.04-02.25.32:052][986]LogBlueprintUserMessages: Late EndPlayMap Detection: Level '/Game/StarterContent/Maps/Minimal_Default.Minimal_Default:PersistentLevel' has LevelScriptBlueprint '/Game/StarterContent/Maps/Minimal_Default.Minimal_Default:PersistentLevel.Minimal_Default' with GeneratedClass '/Game/StarterContent/Maps/Minimal_Default.Minimal_Default_C' with ClassGeneratedBy '/Game/StarterContent/Maps/Minimal_Default.Minimal_Default:PersistentLevel.Minimal_Default'
[2017.11.04-02.25.38:574][375]LogEditorViewport: Clicking on Actor (LMB): StaticMeshActor (Chair)
[2017.11.04-02.25.43:167][645]LogLinker: Warning: 无法寻找到文件'/Game/Mannequin/Character/Materials/M_UE4Man_Body'
[2017.11.04-02.25.43:167][645]LogLinker: Warning: 无法在加载../../../../../ue4PJ/Demod/Content/StarterContent/Character/Materials/M_UE4Man_ChestLogo.uasset时寻找到资源'/Game/Mannequin/Character/Materials/M_UE4Man_Body'的文件。
[2017.11.04-02.25.43:167][645]LoadErrors: Error: /Game/StarterContent/Character/Materials/M_UE4Man_ChestLogo : 无法寻找到资源的文件。 /Game/Mannequin/Character/Materials/M_UE4Man_Body
[2017.11.04-02.25.43:167][645]LogLinker: Warning: 无法寻找到文件'/Game/Mannequin/Character/Materials/M_UE4Man_Body'
[2017.11.04-02.25.43:168][645]LogLinker: Warning: 无法在加载../../../../../ue4PJ/Demod/Content/StarterContent/Character/Materials/M_UE4Man_ChestLogo.uasset时寻找到资源'/Game/Mannequin/Character/Materials/M_UE4Man_Body'的文件。
[2017.11.04-02.25.43:168][645]LogLinker: Warning: 无法寻找到文件'/Game/Mannequin/Character/Textures/UE4Man_Logo_N'
[2017.11.04-02.25.43:168][645]LogLinker: Warning: 无法在加载../../../../../ue4PJ/Demod/Content/StarterContent/Character/Materials/M_UE4Man_ChestLogo.uasset时寻找到资源'/Game/Mannequin/Character/Textures/UE4Man_Logo_N'的文件。
[2017.11.04-02.25.43:168][645]LoadErrors: Error: /Game/StarterContent/Character/Materials/M_UE4Man_ChestLogo : 无法寻找到资源的文件。 /Game/Mannequin/Character/Textures/UE4Man_Logo_N
[2017.11.04-02.25.43:168][645]LogLinker: Warning: 无法寻找到文件'/Game/Mannequin/Character/Textures/UE4Man_Logo_N'
[2017.11.04-02.25.43:168][645]LogLinker: Warning: 无法在加载../../../../../ue4PJ/Demod/Content/StarterContent/Character/Materials/M_UE4Man_ChestLogo.uasset时寻找到资源'/Game/Mannequin/Character/Textures/UE4Man_Logo_N'的文件。
[2017.11.04-02.25.43:170][645]LogLinker: Warning: 无法寻找到文件'/Game/Mannequin/Character/Materials/M_UE4Man_Body'
[2017.11.04-02.25.43:170][645]LogLinker: Warning: 无法在加载../../../../../ue4PJ/Demod/Content/StarterContent/Character/Mesh/SK_Mannequin.uasset时寻找到资源'/Game/Mannequin/Character/Materials/M_UE4Man_Body'的文件。
[2017.11.04-02.25.43:171][645]LoadErrors: Error: /Game/StarterContent/Character/Mesh/SK_Mannequin : 无法寻找到资源的文件。 /Game/Mannequin/Character/Materials/M_UE4Man_Body
[2017.11.04-02.25.43:171][645]LogLinker: Warning: 无法寻找到文件'/Game/Mannequin/Character/Materials/M_UE4Man_ChestLogo'
[2017.11.04-02.25.43:171][645]LogLinker: Warning: 无法在加载../../../../../ue4PJ/Demod/Content/StarterContent/Character/Mesh/SK_Mannequin.uasset时寻找到资源'/Game/Mannequin/Character/Materials/M_UE4Man_ChestLogo'的文件。
[2017.11.04-02.25.43:171][645]LoadErrors: Error: /Game/StarterContent/Character/Mesh/SK_Mannequin : 无法寻找到资源的文件。 /Game/Mannequin/Character/Materials/M_UE4Man_ChestLogo
[2017.11.04-02.25.43:171][645]LogLinker: Warning: 无法寻找到文件'/Game/Mannequin/Character/Materials/M_UE4Man_Body'
[2017.11.04-02.25.43:171][645]LogLinker: Warning: 无法在加载../../../../../ue4PJ/Demod/Content/StarterContent/Character/Mesh/SK_Mannequin.uasset时寻找到资源'/Game/Mannequin/Character/Materials/M_UE4Man_Body'的文件。
[2017.11.04-02.25.43:171][645]LogLinker: Warning: 无法寻找到文件'/Game/Mannequin/Character/Materials/M_UE4Man_ChestLogo'
[2017.11.04-02.25.43:171][645]LogLinker: Warning: 无法在加载../../../../../ue4PJ/Demod/Content/StarterContent/Character/Mesh/SK_Mannequin.uasset时寻找到资源'/Game/Mannequin/Character/Materials/M_UE4Man_ChestLogo'的文件。
[2017.11.04-02.25.43:171][645]LogLinker: Warning: 无法寻找到文件'/Game/Mannequin/Character/Mesh/SK_Mannequin_PhysicsAsset'
[2017.11.04-02.25.43:172][645]LogLinker: Warning: 无法在加载../../../../../ue4PJ/Demod/Content/StarterContent/Character/Mesh/SK_Mannequin.uasset时寻找到资源'/Game/Mannequin/Character/Mesh/SK_Mannequin_PhysicsAsset'的文件。
[2017.11.04-02.25.43:172][645]LoadErrors: Error: /Game/StarterContent/Character/Mesh/SK_Mannequin : 无法寻找到资源的文件。 /Game/Mannequin/Character/Mesh/SK_Mannequin_PhysicsAsset
[2017.11.04-02.25.43:172][645]LogLinker: Warning: 无法寻找到文件'/Game/Mannequin/Character/Mesh/UE4_Mannequin_Skeleton'
[2017.11.04-02.25.43:172][645]LogLinker: Warning: 无法在加载../../../../../ue4PJ/Demod/Content/StarterContent/Character/Mesh/SK_Mannequin.uasset时寻找到资源'/Game/Mannequin/Character/Mesh/UE4_Mannequin_Skeleton'的文件。
[2017.11.04-02.25.43:172][645]LoadErrors: Error: /Game/StarterContent/Character/Mesh/SK_Mannequin : 无法寻找到资源的文件。 /Game/Mannequin/Character/Mesh/UE4_Mannequin_Skeleton
[2017.11.04-02.25.43:172][645]LogLinker: Warning: 无法寻找到文件'/Game/Mannequin/Character/Mesh/SK_Mannequin_PhysicsAsset'
[2017.11.04-02.25.43:172][645]LogLinker: Warning: 无法在加载../../../../../ue4PJ/Demod/Content/StarterContent/Character/Mesh/SK_Mannequin.uasset时寻找到资源'/Game/Mannequin/Character/Mesh/SK_Mannequin_PhysicsAsset'的文件。
[2017.11.04-02.25.43:172][645]LogLinker: Warning: 无法寻找到文件'/Game/Mannequin/Character/Mesh/UE4_Mannequin_Skeleton'
[2017.11.04-02.25.43:172][645]LogLinker: Warning: 无法在加载../../../../../ue4PJ/Demod/Content/StarterContent/Character/Mesh/SK_Mannequin.uasset时寻找到资源'/Game/Mannequin/Character/Mesh/UE4_Mannequin_Skeleton'的文件。
[2017.11.04-02.25.43:179][645]LogLinker: Warning: 无法寻找到文件'/Game/Mannequin/Character/Mesh/UE4_Mannequin_Skeleton'
[2017.11.04-02.25.43:179][645]LoadErrors: 加载失败 /Game/Mannequin/Character/Mesh/UE4_Mannequin_Skeleton.UE4_Mannequin_Skeleton 引用者 SK_Mannequin
[2017.11.04-02.25.43:179][645]LogLinker: Warning: 无法在加载NULL时寻找到资源'/Game/Mannequin/Character/Mesh/UE4_Mannequin_Skeleton'的文件。
[2017.11.04-02.25.43:179][645]LogLinker: Warning: 无法寻找到文件'/Game/Mannequin/Character/Mesh/SK_Mannequin_PhysicsAsset'
[2017.11.04-02.25.43:179][645]LoadErrors: 加载失败 /Game/Mannequin/Character/Mesh/SK_Mannequin_PhysicsAsset.SK_Mannequin_PhysicsAsset 引用者 SK_Mannequin
[2017.11.04-02.25.43:179][645]LogLinker: Warning: 无法在加载NULL时寻找到资源'/Game/Mannequin/Character/Mesh/SK_Mannequin_PhysicsAsset'的文件。
[2017.11.04-02.25.43:180][645]LogLinker: Warning: 无法寻找到文件'/Game/Mannequin/Character/Materials/M_UE4Man_Body'
[2017.11.04-02.25.43:180][645]LoadErrors: 加载失败 /Game/Mannequin/Character/Materials/M_UE4Man_Body.M_UE4Man_Body 引用者 SK_Mannequin
[2017.11.04-02.25.43:180][645]LogLinker: Warning: 无法在加载NULL时寻找到资源'/Game/Mannequin/Character/Materials/M_UE4Man_Body'的文件。
[2017.11.04-02.25.43:180][645]LogLinker: Warning: 无法寻找到文件'/Game/Mannequin/Character/Materials/M_UE4Man_ChestLogo'
[2017.11.04-02.25.43:180][645]LoadErrors: 加载失败 /Game/Mannequin/Character/Materials/M_UE4Man_ChestLogo.M_UE4Man_ChestLogo 引用者 SK_Mannequin
[2017.11.04-02.25.43:180][645]LogLinker: Warning: 无法在加载NULL时寻找到资源'/Game/Mannequin/Character/Materials/M_UE4Man_ChestLogo'的文件。
[2017.11.04-02.25.43:193][645]LogLinker: Warning: 无法寻找到文件'/Game/Mannequin/Character/Materials/M_UE4Man_Body'
[2017.11.04-02.25.43:193][645]LoadErrors: 加载失败 /Game/Mannequin/Character/Materials/M_UE4Man_Body.M_UE4Man_Body 引用者 M_UE4Man_ChestLogo
[2017.11.04-02.25.43:193][645]LogLinker: Warning: 无法在加载NULL时寻找到资源'/Game/Mannequin/Character/Materials/M_UE4Man_Body'的文件。
[2017.11.04-02.25.43:193][645]LogLinker: Warning: 无法寻找到文件'/Game/Mannequin/Character/Textures/UE4Man_Logo_N'
[2017.11.04-02.25.43:193][645]LoadErrors: 加载失败 /Game/Mannequin/Character/Textures/UE4Man_Logo_N.UE4Man_Logo_N 引用者 M_UE4Man_ChestLogo
[2017.11.04-02.25.43:193][645]LogLinker: Warning: 无法在加载NULL时寻找到资源'/Game/Mannequin/Character/Textures/UE4Man_Logo_N'的文件。
[2017.11.04-02.25.43:205][645]LogMaterial: Warning: Material /Game/StarterContent/Materials/M_Basic_Floor.M_Basic_Floor needed to have new flag set bUsedWithSkeletalMesh !
[2017.11.04-02.25.43:210][645]LogMaterial: Missing cached shader map for material M_Basic_Floor, compiling. 
[2017.11.04-02.25.44:389][692]LogAnimation: Warning: SkeletalMesh SK_Mannequin has no skeleton. This needs to fixed before an animation can be set
[2017.11.04-02.25.45:442][748]LogTemp: Repeating last play command: 选中的视口
[2017.11.04-02.25.45:460][748]LogBlueprintUserMessages: Early PlayInEditor Detection: Level '/Game/StarterContent/Maps/Minimal_Default.Minimal_Default:PersistentLevel' has LevelScriptBlueprint '/Game/StarterContent/Maps/Minimal_Default.Minimal_Default:PersistentLevel.Minimal_Default' with GeneratedClass '/Game/StarterContent/Maps/Minimal_Default.Minimal_Default_C' with ClassGeneratedBy '/Game/StarterContent/Maps/Minimal_Default.Minimal_Default:PersistentLevel.Minimal_Default'
[2017.11.04-02.25.45:460][748]LogPlayLevel: PlayLevel: No blueprints needed recompiling
[2017.11.04-02.25.45:461][748]PIE: New page: PIE会话: Minimal_Default (2017年11月4日 下午6:25:45)
[2017.11.04-02.25.45:461][748]LogPlayLevel: Creating play world package: /Game/StarterContent/Maps/UEDPIE_0_Minimal_Default
[2017.11.04-02.25.45:473][748]LogPlayLevel: PIE: StaticDuplicateObject took: (0.012344s)
[2017.11.04-02.25.45:474][748]LogAIModule: Creating AISystem for world Minimal_Default
[2017.11.04-02.25.45:474][748]LogPlayLevel: PIE: World Init took: (0.001100s)
[2017.11.04-02.25.45:475][748]LogPlayLevel: PIE: Created PIE world by copying editor world from /Game/StarterContent/Maps/Minimal_Default.Minimal_Default to /Game/StarterContent/Maps/UEDPIE_0_Minimal_Default.Minimal_Default (0.013938s)
[2017.11.04-02.25.45:553][748]LogInit: XAudio2 using '扬声器 (Realtek High Definition Audio)' : 2 channels at 48 kHz using 32 bits per sample (channel mask 0x3)
[2017.11.04-02.25.45:625][748]LogInit: FAudioDevice initialized.
[2017.11.04-02.25.45:666][748]LogLoad: Game class is 'GameModeBase'
[2017.11.04-02.25.45:669][748]LogWorld: Bringing World /Game/StarterContent/Maps/UEDPIE_0_Minimal_Default.Minimal_Default up for play (max tick rate 60) at 2017.11.04-10.25.45
[2017.11.04-02.25.45:670][748]LogWorld: Bringing up level for play took: 0.002555
[2017.11.04-02.25.45:672][748]PIE: /Game/StarterContent/Maps/UEDPIE_0_Minimal_Default的‘在编辑器中播放’的起始时间0.661
[2017.11.04-02.25.45:672][748]LogBlueprintUserMessages: Late PlayInEditor Detection: Level '/Game/StarterContent/Maps/Minimal_Default.Minimal_Default:PersistentLevel' has LevelScriptBlueprint '/Game/StarterContent/Maps/Minimal_Default.Minimal_Default:PersistentLevel.Minimal_Default' with GeneratedClass '/Game/StarterContent/Maps/Minimal_Default.Minimal_Default_C' with ClassGeneratedBy '/Game/StarterContent/Maps/Minimal_Default.Minimal_Default:PersistentLevel.Minimal_Default'
[2017.11.04-02.25.56:841][417]LogBlueprintUserMessages: Early EndPlayMap Detection: Level '/Game/StarterContent/Maps/Minimal_Default.Minimal_Default:PersistentLevel' has LevelScriptBlueprint '/Game/StarterContent/Maps/Minimal_Default.Minimal_Default:PersistentLevel.Minimal_Default' with GeneratedClass '/Game/StarterContent/Maps/Minimal_Default.Minimal_Default_C' with ClassGeneratedBy '/Game/StarterContent/Maps/Minimal_Default.Minimal_Default:PersistentLevel.Minimal_Default'
[2017.11.04-02.25.56:878][417]LogBlueprintUserMessages: Late EndPlayMap Detection: Level '/Game/StarterContent/Maps/Minimal_Default.Minimal_Default:PersistentLevel' has LevelScriptBlueprint '/Game/StarterContent/Maps/Minimal_Default.Minimal_Default:PersistentLevel.Minimal_Default' with GeneratedClass '/Game/StarterContent/Maps/Minimal_Default.Minimal_Default_C' with ClassGeneratedBy '/Game/StarterContent/Maps/Minimal_Default.Minimal_Default:PersistentLevel.Minimal_Default'
[2017.11.04-02.26.03:452][809]LogEditorViewport: Clicking on Actor (LMB): PlayerStart (Player Start)
[2017.11.04-02.26.05:493][929]Cmd: DELETE
[2017.11.04-02.26.05:493][929]Cmd: ACTOR DELETE
[2017.11.04-02.26.05:496][929]LogEditorActor: Deleted Actor: PlayerStart
[2017.11.04-02.26.05:506][929]LogEditorActor: Deleted 1 Actors (0.012 secs)
[2017.11.04-02.26.06:821][  8]Cmd: TRANSACTION UNDO
[2017.11.04-02.26.06:821][  8]LogEditorTransaction: Undo 删除Actor
[2017.11.04-02.26.06:882][  8]LogSlate: Took 0.000252 seconds to synchronously load lazily loaded font '../../../Engine/Content/Slate/Fonts/Roboto-Light.ttf' (159K)
[2017.11.04-02.26.09:874][186]LogSlate: Took 0.000326 seconds to synchronously load lazily loaded font '../../../Engine/Content/Editor/Slate/Fonts/Roboto-Italic.ttf' (157K)
[2017.11.04-02.26.15:102][498]LogSlate: Took 0.000207 seconds to synchronously load lazily loaded font '../../../Engine/Content/Slate/Fonts/Roboto-Light.ttf' (159K)
[2017.11.04-02.26.15:428][498]LogContentBrowser: Native class hierarchy updated for 'BlueprintGraph' in 0.0007 seconds. Added 116 classes and 0 folders.
[2017.11.04-02.26.16:098][498]LogSlate: Took 0.000207 seconds to synchronously load lazily loaded font '../../../Engine/Content/Slate/Fonts/Roboto-Regular.ttf' (155K)
[2017.11.04-02.26.16:169][498]LogSlate: Took 0.000366 seconds to synchronously load lazily loaded font '../../../Engine/Content/Editor/Slate/Fonts/Roboto-BoldCondensed.ttf' (158K)
[2017.11.04-02.26.57:392][789]Cmd: DELETE
[2017.11.04-02.26.57:392][789]Cmd: ACTOR DELETE
[2017.11.04-02.26.57:394][789]LogEditorActor: Deleted Actor: PlayerStart
[2017.11.04-02.26.57:418][789]LogEditorActor: Deleted 1 Actors (0.025 secs)
[2017.11.04-02.26.59:562][912]LogAnimation: Warning: SkeletalMesh SK_Mannequin has no skeleton. This needs to fixed before an animation can be set
[2017.11.04-02.27.29:367][634]Cmd: TRANSACTION UNDO
[2017.11.04-02.27.29:367][634]LogEditorTransaction: Undo 点击Actor
[2017.11.04-02.27.30:006][662]Cmd: TRANSACTION UNDO
[2017.11.04-02.27.30:006][662]LogEditorTransaction: Undo 点击Actor
[2017.11.04-02.27.30:438][686]Cmd: TRANSACTION UNDO
[2017.11.04-02.27.30:438][686]LogEditorTransaction: Undo 删除Actor
[2017.11.04-02.27.58:510][293]LogAnimation: Warning: SkeletalMesh SK_Mannequin has no skeleton. This needs to fixed before an animation can be set
[2017.11.04-02.27.59:683][360]LogEditorActor: Deleted Actor: PlayerStart
[2017.11.04-02.27.59:702][360]LogEditorActor: Deleted 1 Actors (0.021 secs)
[2017.11.04-02.28.01:287][453]Cmd: OBJ SAVEPACKAGE PACKAGE="/Game/StarterContent/Maps/Minimal_Default" FILE="../../../../../ue4PJ/Demod/Content/StarterContent/Maps/Minimal_Default.umap" SILENT=true AUTOSAVING=false KEEPDIRTY=false
[2017.11.04-02.28.01:738][453]LogSavePackage: Save=425.74ms
[2017.11.04-02.28.01:739][453]LogSavePackage: Moving '../../../../../ue4PJ/Demod/Saved/Minimal_DefaultF9CA80D844F4C575BB91C3903CED4532.tmp' to '../../../../../ue4PJ/Demod/Content/StarterContent/Maps/Minimal_Default.umap'
[2017.11.04-02.28.01:739][453]LogFileManager: Warning: DeleteFile was unable to delete '../../../../../ue4PJ/Demod/Content/StarterContent/Maps/Minimal_Default.umap', retrying in .5s...
[2017.11.04-02.28.02:240][453]LogFileManager: Error: Error deleting file '../../../../../ue4PJ/Demod/Content/StarterContent/Maps/Minimal_Default.umap'.
[2017.11.04-02.28.02:240][453]LogSavePackage: Error: Error saving '../../../../../ue4PJ/Demod/Content/StarterContent/Maps/Minimal_Default.umap'
[2017.11.04-02.28.02:242][453]LogSavePackage: Display: Finished SavePackage ../../../../../ue4PJ/Demod/Content/StarterContent/Maps/Minimal_Default.umap
[2017.11.04-02.28.02:291][453]EditorErrors: New page: 保存输出
[2017.11.04-02.28.02:291][453]EditorErrors: Warning: 保存'../../../../../ue4PJ/Demod/Content/StarterContent/Maps/Minimal_Default.umap'错误
[2017.11.04-02.28.03:157][503]LogTemp: Repeating last play command: 选中的视口
[2017.11.04-02.28.03:170][503]LogBlueprintUserMessages: Early PlayInEditor Detection: Level '/Game/StarterContent/Maps/Minimal_Default.Minimal_Default:PersistentLevel' has LevelScriptBlueprint '/Game/StarterContent/Maps/Minimal_Default.Minimal_Default:PersistentLevel.Minimal_Default' with GeneratedClass '/Game/StarterContent/Maps/Minimal_Default.Minimal_Default_C' with ClassGeneratedBy '/Game/StarterContent/Maps/Minimal_Default.Minimal_Default:PersistentLevel.Minimal_Default'
[2017.11.04-02.28.03:170][503]LogPlayLevel: PlayLevel: No blueprints needed recompiling
[2017.11.04-02.28.03:171][503]PIE: New page: PIE会话: Minimal_Default (2017年11月4日 下午6:28:03)
[2017.11.04-02.28.03:171][503]LogPlayLevel: Creating play world package: /Game/StarterContent/Maps/UEDPIE_0_Minimal_Default
[2017.11.04-02.28.03:179][503]LogPlayLevel: PIE: StaticDuplicateObject took: (0.008761s)
[2017.11.04-02.28.03:180][503]LogAIModule: Creating AISystem for world Minimal_Default
[2017.11.04-02.28.03:180][503]LogPlayLevel: PIE: World Init took: (0.000893s)
[2017.11.04-02.28.03:181][503]LogPlayLevel: PIE: Created PIE world by copying editor world from /Game/StarterContent/Maps/Minimal_Default.Minimal_Default to /Game/StarterContent/Maps/UEDPIE_0_Minimal_Default.Minimal_Default (0.010055s)
[2017.11.04-02.28.03:220][503]LogInit: XAudio2 using '扬声器 (Realtek High Definition Audio)' : 2 channels at 48 kHz using 32 bits per sample (channel mask 0x3)
[2017.11.04-02.28.03:266][503]LogInit: FAudioDevice initialized.
[2017.11.04-02.28.03:298][503]LogLoad: Game class is 'GameModeBase'
[2017.11.04-02.28.03:300][503]LogWorld: Bringing World /Game/StarterContent/Maps/UEDPIE_0_Minimal_Default.Minimal_Default up for play (max tick rate 60) at 2017.11.04-10.28.03
[2017.11.04-02.28.03:300][503]LogWorld: Bringing up level for play took: 0.001488
[2017.11.04-02.28.03:301][503]PIE: /Game/StarterContent/Maps/UEDPIE_0_Minimal_Default的‘在编辑器中播放’的起始时间0.291
[2017.11.04-02.28.03:302][503]LogBlueprintUserMessages: Late PlayInEditor Detection: Level '/Game/StarterContent/Maps/Minimal_Default.Minimal_Default:PersistentLevel' has LevelScriptBlueprint '/Game/StarterContent/Maps/Minimal_Default.Minimal_Default:PersistentLevel.Minimal_Default' with GeneratedClass '/Game/StarterContent/Maps/Minimal_Default.Minimal_Default_C' with ClassGeneratedBy '/Game/StarterContent/Maps/Minimal_Default.Minimal_Default:PersistentLevel.Minimal_Default'
[2017.11.04-02.28.05:193][613]LogBlueprintUserMessages: Early EndPlayMap Detection: Level '/Game/StarterContent/Maps/Minimal_Default.Minimal_Default:PersistentLevel' has LevelScriptBlueprint '/Game/StarterContent/Maps/Minimal_Default.Minimal_Default:PersistentLevel.Minimal_Default' with GeneratedClass '/Game/StarterContent/Maps/Minimal_Default.Minimal_Default_C' with ClassGeneratedBy '/Game/StarterContent/Maps/Minimal_Default.Minimal_Default:PersistentLevel.Minimal_Default'
[2017.11.04-02.28.05:229][613]LogBlueprintUserMessages: Late EndPlayMap Detection: Level '/Game/StarterContent/Maps/Minimal_Default.Minimal_Default:PersistentLevel' has LevelScriptBlueprint '/Game/StarterContent/Maps/Minimal_Default.Minimal_Default:PersistentLevel.Minimal_Default' with GeneratedClass '/Game/StarterContent/Maps/Minimal_Default.Minimal_Default_C' with ClassGeneratedBy '/Game/StarterContent/Maps/Minimal_Default.Minimal_Default:PersistentLevel.Minimal_Default'
[2017.11.04-02.28.10:468][914]LogTemp: Repeating last play command: 选中的视口
[2017.11.04-02.28.10:479][914]LogBlueprintUserMessages: Early PlayInEditor Detection: Level '/Game/StarterContent/Maps/Minimal_Default.Minimal_Default:PersistentLevel' has LevelScriptBlueprint '/Game/StarterContent/Maps/Minimal_Default.Minimal_Default:PersistentLevel.Minimal_Default' with GeneratedClass '/Game/StarterContent/Maps/Minimal_Default.Minimal_Default_C' with ClassGeneratedBy '/Game/StarterContent/Maps/Minimal_Default.Minimal_Default:PersistentLevel.Minimal_Default'
[2017.11.04-02.28.10:479][914]LogPlayLevel: PlayLevel: No blueprints needed recompiling
[2017.11.04-02.28.10:479][914]PIE: New page: PIE会话: Minimal_Default (2017年11月4日 下午6:28:10)
[2017.11.04-02.28.10:479][914]LogPlayLevel: Creating play world package: /Game/StarterContent/Maps/UEDPIE_0_Minimal_Default
[2017.11.04-02.28.10:487][914]LogPlayLevel: PIE: StaticDuplicateObject took: (0.007051s)
[2017.11.04-02.28.10:487][914]LogAIModule: Creating AISystem for world Minimal_Default
[2017.11.04-02.28.10:487][914]LogPlayLevel: PIE: World Init took: (0.000670s)
[2017.11.04-02.28.10:487][914]LogPlayLevel: PIE: Created PIE world by copying editor world from /Game/StarterContent/Maps/Minimal_Default.Minimal_Default to /Game/StarterContent/Maps/UEDPIE_0_Minimal_Default.Minimal_Default (0.008051s)
[2017.11.04-02.28.10:526][914]LogInit: XAudio2 using '扬声器 (Realtek High Definition Audio)' : 2 channels at 48 kHz using 32 bits per sample (channel mask 0x3)
[2017.11.04-02.28.10:570][914]LogInit: FAudioDevice initialized.
[2017.11.04-02.28.10:606][914]LogLoad: Game class is 'GameModeBase'
[2017.11.04-02.28.10:607][914]LogWorld: Bringing World /Game/StarterContent/Maps/UEDPIE_0_Minimal_Default.Minimal_Default up for play (max tick rate 60) at 2017.11.04-10.28.10
[2017.11.04-02.28.10:608][914]LogWorld: Bringing up level for play took: 0.001413
[2017.11.04-02.28.10:609][914]PIE: /Game/StarterContent/Maps/UEDPIE_0_Minimal_Default的‘在编辑器中播放’的起始时间-0.402
[2017.11.04-02.28.10:610][914]LogBlueprintUserMessages: Late PlayInEditor Detection: Level '/Game/StarterContent/Maps/Minimal_Default.Minimal_Default:PersistentLevel' has LevelScriptBlueprint '/Game/StarterContent/Maps/Minimal_Default.Minimal_Default:PersistentLevel.Minimal_Default' with GeneratedClass '/Game/StarterContent/Maps/Minimal_Default.Minimal_Default_C' with ClassGeneratedBy '/Game/StarterContent/Maps/Minimal_Default.Minimal_Default:PersistentLevel.Minimal_Default'
[2017.11.04-02.28.12:618][ 32]LogBlueprintUserMessages: Early EndPlayMap Detection: Level '/Game/StarterContent/Maps/Minimal_Default.Minimal_Default:PersistentLevel' has LevelScriptBlueprint '/Game/StarterContent/Maps/Minimal_Default.Minimal_Default:PersistentLevel.Minimal_Default' with GeneratedClass '/Game/StarterContent/Maps/Minimal_Default.Minimal_Default_C' with ClassGeneratedBy '/Game/StarterContent/Maps/Minimal_Default.Minimal_Default:PersistentLevel.Minimal_Default'
[2017.11.04-02.28.12:661][ 32]LogBlueprintUserMessages: Late EndPlayMap Detection: Level '/Game/StarterContent/Maps/Minimal_Default.Minimal_Default:PersistentLevel' has LevelScriptBlueprint '/Game/StarterContent/Maps/Minimal_Default.Minimal_Default:PersistentLevel.Minimal_Default' with GeneratedClass '/Game/StarterContent/Maps/Minimal_Default.Minimal_Default_C' with ClassGeneratedBy '/Game/StarterContent/Maps/Minimal_Default.Minimal_Default:PersistentLevel.Minimal_Default'
[2017.11.04-02.28.24:304][716]LogEditorViewport: Clicking on Actor (LMB): StaticMeshActor (Floor)
[2017.11.04-02.28.25:279][771]LogEditorViewport: Clicking on Actor (LMB): char_C (char)
[2017.11.04-02.28.25:418][772]LogAnimation: Warning: SkeletalMesh SK_Mannequin has no skeleton. This needs to fixed before an animation can be set
[2017.11.04-02.28.50:998][924]LogSavePackage: Save=160.95ms
[2017.11.04-02.28.50:998][924]LogSavePackage: Moving '../../../../../ue4PJ/Demod/Saved/Minimal_Default_Auto1C78A313D462E2EC6A45247896D42E1AF.tmp' to '../../../../../ue4PJ/Demod/Saved/Autosaves/Game/StarterContent/Maps/Minimal_Default_Auto1.umap'
[2017.11.04-02.28.51:001][924]LogSavePackage: Display: Finished SavePackage ../../../../../ue4PJ/Demod/Saved/Autosaves/Game/StarterContent/Maps/Minimal_Default_Auto1.umap
[2017.11.04-02.28.51:003][924]LogFileHelpers: Editor autosave (incl. sublevels) for '/Game/StarterContent/Maps/Minimal_Default' took 0.193
[2017.11.04-02.28.51:003][924]LogFileHelpers: Editor autosave (incl. sublevels) for all levels took 0.193
[2017.11.04-02.28.51:006][924]OBJ SavePackage: Generating thumbnails for [1] asset(s) in package [/Game/StarterContent/Materials/M_Basic_Floor] ([1] browsable assets)...
[2017.11.04-02.28.51:026][924]OBJ SavePackage:     Rendered thumbnail for [Material /Game/StarterContent/Materials/M_Basic_Floor.M_Basic_Floor]
[2017.11.04-02.28.51:026][924]OBJ SavePackage: Finished generating thumbnails for package [/Game/StarterContent/Materials/M_Basic_Floor]
[2017.11.04-02.28.51:044][924]LogSavePackage: Save=13.58ms
[2017.11.04-02.28.51:044][924]LogSavePackage: Moving '../../../../../ue4PJ/Demod/Saved/M_Basic_Floor_Auto13324A12F4BCFF860B259D288D48DDD6E.tmp' to '../../../../../ue4PJ/Demod/Saved/Autosaves/Game/StarterContent/Materials/M_Basic_Floor_Auto1.uasset'
[2017.11.04-02.28.51:047][924]LogSavePackage: Display: Finished SavePackage ../../../../../ue4PJ/Demod/Saved/Autosaves/Game/StarterContent/Materials/M_Basic_Floor_Auto1.uasset
[2017.11.04-02.28.51:047][924]LogFileHelpers: Auto-saving content packages took 0.043
[2017.11.04-02.29.24:907][422]LogAnimation: Warning: SkeletalMesh SK_Mannequin has no skeleton. This needs to fixed before an animation can be set
[2017.11.04-02.29.24:926][423]LogAnimation: Warning: SkeletalMesh SK_Mannequin has no skeleton. This needs to fixed before an animation can be set
[2017.11.04-02.29.25:083][432]LogAnimation: Warning: SkeletalMesh SK_Mannequin has no skeleton. This needs to fixed before an animation can be set
[2017.11.04-02.29.25:100][433]LogAnimation: Warning: SkeletalMesh SK_Mannequin has no skeleton. This needs to fixed before an animation can be set
[2017.11.04-02.29.25:118][434]LogAnimation: Warning: SkeletalMesh SK_Mannequin has no skeleton. This needs to fixed before an animation can be set
[2017.11.04-02.29.25:134][435]LogAnimation: Warning: SkeletalMesh SK_Mannequin has no skeleton. This needs to fixed before an animation can be set
[2017.11.04-02.29.25:154][436]LogAnimation: Warning: SkeletalMesh SK_Mannequin has no skeleton. This needs to fixed before an animation can be set
[2017.11.04-02.29.25:170][437]LogAnimation: Warning: SkeletalMesh SK_Mannequin has no skeleton. This needs to fixed before an animation can be set
[2017.11.04-02.29.25:187][438]LogAnimation: Warning: SkeletalMesh SK_Mannequin has no skeleton. This needs to fixed before an animation can be set
[2017.11.04-02.29.25:203][439]LogAnimation: Warning: SkeletalMesh SK_Mannequin has no skeleton. This needs to fixed before an animation can be set
[2017.11.04-02.29.25:219][440]LogAnimation: Warning: SkeletalMesh SK_Mannequin has no skeleton. This needs to fixed before an animation can be set
[2017.11.04-02.29.25:238][441]LogAnimation: Warning: SkeletalMesh SK_Mannequin has no skeleton. This needs to fixed before an animation can be set
[2017.11.04-02.29.25:260][442]LogAnimation: Warning: SkeletalMesh SK_Mannequin has no skeleton. This needs to fixed before an animation can be set
[2017.11.04-02.29.25:275][443]LogAnimation: Warning: SkeletalMesh SK_Mannequin has no skeleton. This needs to fixed before an animation can be set
[2017.11.04-02.29.25:296][444]LogAnimation: Warning: SkeletalMesh SK_Mannequin has no skeleton. This needs to fixed before an animation can be set
[2017.11.04-02.29.25:310][445]LogAnimation: Warning: SkeletalMesh SK_Mannequin has no skeleton. This needs to fixed before an animation can be set
[2017.11.04-02.29.47:972][646]LogSourceControl: Warning: '../../../../../ue4PJ/Demod/' is not part of a Git repository
[2017.11.04-02.29.49:770][740]SourceControl: Error: fatal: Not a git repository: 'F:/ue4PJ/Demod/.git'
[2017.11.04-02.29.49:770][740]SourceControl: Error: Failed to enable Git source control. You need to initialize the project as a Git repository first.
[2017.11.04-02.29.57:284][964]SourceControl: 源码控制已禁用
[2017.11.04-02.37.45:115][709]Cmd: QUIT_EDITOR
[2017.11.04-02.37.46:044][709]LogWindowsTextInputMethodSystem: Display: IME system now activated using TSF (微软拼音).
[2017.11.04-02.37.46:056][709]LogExit: Preparing to exit.
[2017.11.04-02.37.46:951][709]LogDirectoryWatcher: A directory notification for 'F:/ue4PJ/Demod/Content/' was aborted.
[2017.11.04-02.37.46:988][709]LogExit: Editor shut down
[2017.11.04-02.37.46:992][709]LogExit: Transaction tracking system shut down
[2017.11.04-02.37.47:180][709]LogDirectoryWatcher: A directory notification for '../../../Engine/Content/' was aborted.
[2017.11.04-02.37.47:180][709]LogDirectoryWatcher: A directory notification for '../../../../../ue4PJ/Demod/Content/' was aborted.
[2017.11.04-02.37.47:180][709]LogDirectoryWatcher: A directory notification for '../../../Engine/Plugins/2D/Paper2D/Content/' was aborted.
[2017.11.04-02.37.47:180][709]LogDirectoryWatcher: A directory notification for '../../../Engine/Plugins/Media/MediaCompositing/Content/' was aborted.
[2017.11.04-02.37.47:180][709]LogDirectoryWatcher: A directory notification for '../../../Engine/Plugins/Runtime/AppleARKit/Content/' was aborted.
[2017.11.04-02.37.47:180][709]LogDirectoryWatcher: A directory notification for '../../../Engine/Plugins/Runtime/Oculus/OculusVR/Content/' was aborted.
[2017.11.04-02.37.47:180][709]LogDirectoryWatcher: A directory notification for '../../../Engine/Plugins/Runtime/Steam/SteamVR/Content/' was aborted.
[2017.11.04-02.37.47:274][709]LogExit: Object subsystem successfully closed.
[2017.11.04-02.37.47:304][709]LogD3D11RHI: Shutdown
[2017.11.04-02.37.47:304][709]LogD3D11RHI: CleanupD3DDevice
[2017.11.04-02.37.47:307][709]LogD3D11RHI: ~FD3D11DynamicRHI
[2017.11.04-02.37.47:316][709]LogModuleManager: Shutting down and abandoning module BlueprintGraph (554)
[2017.11.04-02.37.47:316][709]LogModuleManager: Shutting down and abandoning module MovieSceneCapture (552)
[2017.11.04-02.37.47:316][709]LogModuleManager: Shutting down and abandoning module ExternalImagePicker (550)
[2017.11.04-02.37.47:316][709]LogModuleManager: Shutting down and abandoning module HierarchicalLODOutliner (548)
[2017.11.04-02.37.47:316][709]LogModuleManager: Shutting down and abandoning module SceneOutliner (546)
[2017.11.04-02.37.47:316][709]LogModuleManager: Shutting down and abandoning module AddContentDialog (544)
[2017.11.04-02.37.47:316][709]LogDirectoryWatcher: A directory notification for 'F:/ue4/UE_4.18/FeaturePacks/' was aborted.
[2017.11.04-02.37.47:317][709]LogModuleManager: Shutting down and abandoning module WidgetCarousel (543)
[2017.11.04-02.37.47:317][709]LogModuleManager: Shutting down and abandoning module EditorWidgets (540)
[2017.11.04-02.37.47:317][709]LogModuleManager: Shutting down and abandoning module CollectionManager (538)
[2017.11.04-02.37.47:317][709]LogDirectoryWatcher: A directory notification for 'F:/ue4PJ/Demod/Content/Collections/' was aborted.
[2017.11.04-02.37.47:318][709]LogDirectoryWatcher: A directory notification for 'F:/ue4PJ/Demod/Content/Developers/Get/Collections/' was aborted.
[2017.11.04-02.37.47:318][709]LogDirectoryWatcher: A directory notification for 'F:/ue4PJ/Demod/Saved/Collections/' was aborted.
[2017.11.04-02.37.47:318][709]LogModuleManager: Shutting down and abandoning module StatsViewer (536)
[2017.11.04-02.37.47:318][709]LogModuleManager: Shutting down and abandoning module FoliageEdit (534)
[2017.11.04-02.37.47:318][709]LogModuleManager: Shutting down and abandoning module LandscapeEditor (532)
[2017.11.04-02.37.47:318][709]LogModuleManager: Shutting down and abandoning module MeshPaintMode (530)
[2017.11.04-02.37.47:318][709]LogModuleManager: Shutting down and abandoning module SceneDepthPickerMode (528)
[2017.11.04-02.37.47:318][709]LogModuleManager: Shutting down and abandoning module ActorPickerMode (526)
[2017.11.04-02.37.47:318][709]LogModuleManager: Shutting down and abandoning module GeometryMode (524)
[2017.11.04-02.37.47:318][709]LogModuleManager: Shutting down and abandoning module TextureAlignMode (522)
[2017.11.04-02.37.47:318][709]LogModuleManager: Shutting down and abandoning module BspMode (520)
[2017.11.04-02.37.47:318][709]LogModuleManager: Shutting down and abandoning module PIEPreviewDeviceProfileSelector (518)
[2017.11.04-02.37.47:318][709]LogModuleManager: Shutting down and abandoning module HardwareSurvey (516)
[2017.11.04-02.37.47:318][709]LogModuleManager: Shutting down and abandoning module SequenceRecorderSections (514)
[2017.11.04-02.37.47:318][709]LogModuleManager: Shutting down and abandoning module AutomationWorker (512)
[2017.11.04-02.37.47:318][709]LogModuleManager: Shutting down and abandoning module MatineeToLevelSequence (510)
[2017.11.04-02.37.47:318][709]LogModuleManager: Shutting down and abandoning module LevelSequenceEditor (508)
[2017.11.04-02.37.47:319][709]LogModuleManager: Shutting down and abandoning module PlacementMode (507)
[2017.11.04-02.37.47:319][709]LogModuleManager: Shutting down and abandoning module WmfMediaFactory (504)
[2017.11.04-02.37.47:319][709]LogModuleManager: Shutting down and abandoning module WmfMediaEditor (502)
[2017.11.04-02.37.47:319][709]LogModuleManager: Shutting down and abandoning module OpenExrWrapper (500)
[2017.11.04-02.37.47:319][709]LogModuleManager: Shutting down and abandoning module ImgMediaFactory (498)
[2017.11.04-02.37.47:319][709]LogModuleManager: Shutting down and abandoning module ImgMediaEditor (496)
[2017.11.04-02.37.47:319][709]LogModuleManager: Shutting down and abandoning module AvfMediaFactory (494)
[2017.11.04-02.37.47:319][709]LogModuleManager: Shutting down and abandoning module AvfMediaEditor (492)
[2017.11.04-02.37.47:319][709]LogModuleManager: Shutting down and abandoning module AndroidMediaFactory (490)
[2017.11.04-02.37.47:319][709]LogModuleManager: Shutting down and abandoning module AndroidMediaEditor (488)
[2017.11.04-02.37.47:319][709]LogModuleManager: Shutting down and abandoning module CharacterAI (486)
[2017.11.04-02.37.47:319][709]LogModuleManager: Shutting down and abandoning module AudioCapture (484)
[2017.11.04-02.37.47:319][709]LogModuleManager: Shutting down and abandoning module SequenceRecorder (483)
[2017.11.04-02.37.47:319][709]LogModuleManager: Shutting down and abandoning module SmartSnapping (480)
[2017.11.04-02.37.47:319][709]LogModuleManager: Shutting down and abandoning module SessionServices (478)
[2017.11.04-02.37.47:319][709]LogModuleManager: Shutting down and abandoning module ViewportSnapping (476)
[2017.11.04-02.37.47:319][709]LogModuleManager: Shutting down and abandoning module ViewportInteraction (474)
[2017.11.04-02.37.47:319][709]LogModuleManager: Shutting down and abandoning module ClothPainter (472)
[2017.11.04-02.37.47:319][709]LogModuleManager: Shutting down and abandoning module SkeletalMeshEditor (471)
[2017.11.04-02.37.47:319][709]LogModuleManager: Shutting down and abandoning module LogVisualizer (468)
[2017.11.04-02.37.47:319][709]LogModuleManager: Shutting down and abandoning module IntroTutorials (466)
[2017.11.04-02.37.47:320][709]LogModuleManager: Shutting down and abandoning module GameProjectGeneration (465)
[2017.11.04-02.37.47:320][709]LogModuleManager: Shutting down and abandoning module IOSPlatformEditor (462)
[2017.11.04-02.37.47:320][709]LogModuleManager: Shutting down and abandoning module HTML5PlatformEditor (460)
[2017.11.04-02.37.47:320][709]LogModuleManager: Shutting down and abandoning module AndroidPlatformEditor (458)
[2017.11.04-02.37.47:320][709]LogModuleManager: Shutting down and abandoning module AndroidDeviceDetection (457)
[2017.11.04-02.37.47:916][709]LogModuleManager: Shutting down and abandoning module WindowsPlatformEditor (454)
[2017.11.04-02.37.47:916][709]LogModuleManager: Shutting down and abandoning module IOSRuntimeSettings (452)
[2017.11.04-02.37.47:916][709]LogModuleManager: Shutting down and abandoning module AndroidRuntimeSettings (450)
[2017.11.04-02.37.47:916][709]LogModuleManager: Shutting down and abandoning module InputBindingEditor (448)
[2017.11.04-02.37.47:916][709]LogModuleManager: Shutting down and abandoning module MergeActors (446)
[2017.11.04-02.37.47:917][709]LogModuleManager: Shutting down and abandoning module SizeMap (444)
[2017.11.04-02.37.47:917][709]LogModuleManager: Shutting down and abandoning module TreeMap (442)
[2017.11.04-02.37.47:917][709]LogModuleManager: Shutting down and abandoning module ReferenceViewer (440)
[2017.11.04-02.37.47:917][709]LogModuleManager: Shutting down and abandoning module LocalizationDashboard (438)
[2017.11.04-02.37.47:917][709]LogModuleManager: Shutting down and abandoning module LocalizationService (437)
[2017.11.04-02.37.47:917][709]LogModuleManager: Shutting down and abandoning module HardwareTargeting (434)
[2017.11.04-02.37.47:917][709]LogModuleManager: Shutting down and abandoning module DeviceProfileEditor (432)
[2017.11.04-02.37.47:917][709]LogModuleManager: Shutting down and abandoning module UndoHistory (430)
[2017.11.04-02.37.47:917][709]LogModuleManager: Shutting down and abandoning module XmlParser (428)
[2017.11.04-02.37.47:917][709]LogModuleManager: Shutting down and abandoning module Blutility (426)
[2017.11.04-02.37.47:917][709]LogModuleManager: Shutting down and abandoning module ProjectSettingsViewer (424)
[2017.11.04-02.37.47:917][709]LogModuleManager: Shutting down and abandoning module ProjectTargetPlatformEditor (423)
[2017.11.04-02.37.47:917][709]LogModuleManager: Shutting down and abandoning module EditorSettingsViewer (420)
[2017.11.04-02.37.47:917][709]LogModuleManager: Shutting down and abandoning module SettingsEditor (418)
[2017.11.04-02.37.47:917][709]LogModuleManager: Shutting down and abandoning module ProjectLauncher (416)
[2017.11.04-02.37.47:917][709]LogModuleManager: Shutting down and abandoning module SessionFrontend (414)
[2017.11.04-02.37.47:917][709]LogModuleManager: Shutting down and abandoning module ProfilerClient (412)
[2017.11.04-02.37.47:917][709]LogModuleManager: Shutting down and abandoning module DeviceManager (410)
[2017.11.04-02.37.47:917][709]LogModuleManager: Shutting down and abandoning module TargetDeviceServices (409)
[2017.11.04-02.37.47:981][709]LogModuleManager: Shutting down and abandoning module AutomationController (406)
[2017.11.04-02.37.47:981][709]LogModuleManager: Shutting down and abandoning module AutomationWindow (404)
[2017.11.04-02.37.47:981][709]LogModuleManager: Shutting down and abandoning module Layers (402)
[2017.11.04-02.37.47:981][709]LogModuleManager: Shutting down and abandoning module ComponentVisualizers (400)
[2017.11.04-02.37.47:981][709]LogModuleManager: Shutting down and abandoning module DetailCustomizations (398)
[2017.11.04-02.37.47:982][709]LogModuleManager: Shutting down and abandoning module PackagesDialog (396)
[2017.11.04-02.37.47:982][709]LogModuleManager: Shutting down and abandoning module Persona (394)
[2017.11.04-02.37.47:982][709]LogModuleManager: Shutting down and abandoning module AdvancedPreviewScene (393)
[2017.11.04-02.37.47:982][709]LogModuleManager: Shutting down and abandoning module AnimGraph (391)
[2017.11.04-02.37.47:982][709]LogModuleManager: Shutting down and abandoning module Kismet (388)
[2017.11.04-02.37.47:990][709]LogModuleManager: Shutting down and abandoning module ClassViewer (386)
[2017.11.04-02.37.47:990][709]LogModuleManager: Shutting down and abandoning module Toolbox (384)
[2017.11.04-02.37.47:990][709]LogModuleManager: Shutting down and abandoning module ModuleUI (382)
[2017.11.04-02.37.47:990][709]LogModuleManager: Shutting down and abandoning module MovieSceneTools (380)
[2017.11.04-02.37.47:990][709]LogModuleManager: Shutting down and abandoning module OutputLog (378)
[2017.11.04-02.37.47:990][709]LogModuleManager: Shutting down and abandoning module GammaUI (376)
[2017.11.04-02.37.47:990][709]LogModuleManager: Shutting down and abandoning module Documentation (374)
[2017.11.04-02.37.47:990][709]LogModuleManager: Shutting down and abandoning module MovieSceneTracks (372)
[2017.11.04-02.37.47:990][709]LogModuleManager: Shutting down and abandoning module MovieScene (370)
[2017.11.04-02.37.47:990][709]LogModuleManager: Shutting down and abandoning module StreamingPauseRendering (368)
[2017.11.04-02.37.47:990][709]LogModuleManager: Shutting down and abandoning module LauncherPlatform (366)
[2017.11.04-02.37.47:990][709]LogModuleManager: Shutting down and abandoning module AnalyticsET (364)
[2017.11.04-02.37.47:990][709]LogModuleManager: Shutting down and abandoning module PortalServices (362)
[2017.11.04-02.37.47:990][709]LogModuleManager: Shutting down and abandoning module PortalRpc (360)
[2017.11.04-02.37.47:990][709]LogModuleManager: Shutting down and abandoning module MessagingRpc (358)
[2017.11.04-02.37.47:990][709]LogModuleManager: Shutting down and abandoning module AIModule (356)
[2017.11.04-02.37.47:990][709]LogModuleManager: Shutting down and abandoning module GameplayDebugger (355)
[2017.11.04-02.37.47:990][709]LogModuleManager: Shutting down and abandoning module AITestSuite (353)
[2017.11.04-02.37.47:991][709]LogModuleManager: Shutting down and abandoning module DesktopPlatform (350)
[2017.11.04-02.37.47:991][709]LogModuleManager: Shutting down and abandoning module ProfilerService (348)
[2017.11.04-02.37.48:205][709]LogModuleManager: Shutting down and abandoning module TaskGraph (346)
[2017.11.04-02.37.48:205][709]LogModuleManager: Shutting down and abandoning module SteamVRController (344)
[2017.11.04-02.37.48:205][709]LogModuleManager: Shutting down and abandoning module ProceduralMeshComponentEditor (342)
[2017.11.04-02.37.48:205][709]LogModuleManager: Shutting down and abandoning module ProceduralMeshComponent (340)
[2017.11.04-02.37.48:205][709]LogModuleManager: Shutting down and abandoning module OculusInput (338)
[2017.11.04-02.37.48:205][709]LogModuleManager: Shutting down and abandoning module MobilePatchingUtils (336)
[2017.11.04-02.37.48:205][709]LogModuleManager: Shutting down and abandoning module CustomMeshComponent (334)
[2017.11.04-02.37.48:205][709]LogModuleManager: Shutting down and abandoning module CableComponent (332)
[2017.11.04-02.37.48:205][709]LogModuleManager: Shutting down and abandoning module ArchVisCharacter (330)
[2017.11.04-02.37.48:205][709]LogModuleManager: Shutting down and abandoning module AndroidPermission (328)
[2017.11.04-02.37.48:205][709]LogModuleManager: Shutting down and abandoning module ActorSequence (324)
[2017.11.04-02.37.48:205][709]LogModuleManager: Shutting down and abandoning module MediaPlayerEditor (322)
[2017.11.04-02.37.48:205][709]LogModuleManager: Shutting down and abandoning module MediaCompositingEditor (320)
[2017.11.04-02.37.48:205][709]LogModuleManager: Shutting down and abandoning module MediaCompositing (318)
[2017.11.04-02.37.48:205][709]LogModuleManager: Shutting down and abandoning module HTML5Networking (316)
[2017.11.04-02.37.48:205][709]LogModuleManager: Shutting down and abandoning module AlembicImporter (314)
[2017.11.04-02.37.48:205][709]LogModuleManager: Shutting down and abandoning module AlembicLibrary (313)
[2017.11.04-02.37.48:205][709]LogModuleManager: Shutting down and abandoning module GeometryCache (312)
[2017.11.04-02.37.48:205][709]LogModuleManager: Shutting down and abandoning module GeometryCacheEd (311)
[2017.11.04-02.37.48:205][709]LogModuleManager: Shutting down and abandoning module SpeedTreeImporter (306)
[2017.11.04-02.37.48:205][709]LogModuleManager: Shutting down and abandoning module PluginBrowser (304)
[2017.11.04-02.37.48:205][709]LogModuleManager: Shutting down and abandoning module MobileLauncherProfileWizard (302)
[2017.11.04-02.37.48:205][709]LogModuleManager: Shutting down and abandoning module VisualStudioSourceCodeAccess (300)
[2017.11.04-02.37.48:205][709]LogModuleManager: Shutting down and abandoning module VisualStudioCodeSourceCodeAccess (298)
[2017.11.04-02.37.48:205][709]LogModuleManager: Shutting down and abandoning module UObjectPlugin (296)
[2017.11.04-02.37.48:205][709]LogModuleManager: Shutting down and abandoning module SubversionSourceControl (294)
[2017.11.04-02.37.48:205][709]LogModuleManager: Shutting down and abandoning module PerforceSourceControl (292)
[2017.11.04-02.37.48:205][709]LogModuleManager: Shutting down and abandoning module GitSourceControl (290)
[2017.11.04-02.37.48:205][709]LogModuleManager: Shutting down and abandoning module SourceControl (289)
[2017.11.04-02.37.48:205][709]LogModuleManager: Shutting down and abandoning module LightPropagationVolumeEditor (286)
[2017.11.04-02.37.48:205][709]LogModuleManager: Shutting down and abandoning module PaperTiledImporter (284)
[2017.11.04-02.37.48:205][709]LogModuleManager: Shutting down and abandoning module PaperSpriteSheetImporter (282)
[2017.11.04-02.37.48:205][709]LogModuleManager: Shutting down and abandoning module Paper2DEditor (280)
[2017.11.04-02.37.48:205][709]LogModuleManager: Shutting down and abandoning module MeshPaint (279)
[2017.11.04-02.37.48:206][709]LogModuleManager: Shutting down and abandoning module LevelEditor (277)
[2017.11.04-02.37.48:206][709]LogModuleManager: Shutting down and abandoning module PixelInspectorModule (276)
[2017.11.04-02.37.48:207][709]LogModuleManager: Shutting down and abandoning module MainFrame (274)
[2017.11.04-02.37.48:207][709]LogModuleManager: Shutting down and abandoning module HotReload (273)
[2017.11.04-02.37.48:207][709]LogModuleManager: Shutting down and abandoning module RuntimePhysXCooking (268)
[2017.11.04-02.37.48:207][709]LogModuleManager: Shutting down and abandoning module PhysXVehiclesEditor (266)
[2017.11.04-02.37.48:207][709]LogModuleManager: Shutting down and abandoning module PhysXVehicles (264)
[2017.11.04-02.37.48:207][709]LogModuleManager: Shutting down and abandoning module OculusEditor (262)
[2017.11.04-02.37.48:207][709]LogModuleManager: Shutting down and abandoning module LocationServicesBPLibrary (260)
[2017.11.04-02.37.48:207][709]LogModuleManager: Shutting down and abandoning module ImmediatePhysicsEditor (258)
[2017.11.04-02.37.48:207][709]LogModuleManager: Shutting down and abandoning module ImmediatePhysics (256)
[2017.11.04-02.37.48:207][709]LogModuleManager: Shutting down and abandoning module UdpMessaging (254)
[2017.11.04-02.37.48:308][709]LogModuleManager: Shutting down and abandoning module TcpMessaging (252)
[2017.11.04-02.37.48:409][709]LogModuleManager: Shutting down and abandoning module GameplayTagsEditor (250)
[2017.11.04-02.37.48:409][709]LogModuleManager: Shutting down and abandoning module FacialAnimationEditor (248)
[2017.11.04-02.37.48:409][709]LogModuleManager: Shutting down and abandoning module FacialAnimation (246)
[2017.11.04-02.37.48:409][709]LogModuleManager: Shutting down and abandoning module AssetManagerEditor (244)
[2017.11.04-02.37.48:409][709]LogModuleManager: Shutting down and abandoning module GraphEditor (243)
[2017.11.04-02.37.48:409][709]LogModuleManager: Shutting down and abandoning module ContentBrowser (241)
[2017.11.04-02.37.48:411][709]LogModuleManager: Shutting down and abandoning module LightPropagationVolumeRuntime (238)
[2017.11.04-02.37.48:411][709]LogModuleManager: Shutting down and abandoning module Paper2D (236)
[2017.11.04-02.37.48:411][709]LogModuleManager: Shutting down and abandoning module WindowsMoviePlayer (234)
[2017.11.04-02.37.48:411][709]LogModuleManager: Shutting down and abandoning module WmfMedia (232)
[2017.11.04-02.37.48:411][709]LogModuleManager: Shutting down and abandoning module ImgMedia (230)
[2017.11.04-02.37.48:411][709]LogModuleManager: Shutting down and abandoning module PacketHandler (228)
[2017.11.04-02.37.48:411][709]LogModuleManager: Shutting down and abandoning module ClothingSystemEditor (226)
[2017.11.04-02.37.48:411][709]LogModuleManager: Shutting down and abandoning module ClothingSystemRuntime (224)
[2017.11.04-02.37.48:411][709]LogModuleManager: Shutting down and abandoning module MediaAssets (222)
[2017.11.04-02.37.48:411][709]LogModuleManager: Shutting down and abandoning module Media (221)
[2017.11.04-02.37.48:419][709]LogModuleManager: Shutting down and abandoning module Overlay (218)
[2017.11.04-02.37.48:419][709]LogModuleManager: Shutting down and abandoning module OverlayEditor (217)
[2017.11.04-02.37.48:419][709]LogModuleManager: Shutting down and abandoning module VREditor (214)
[2017.11.04-02.37.48:419][709]LogModuleManager: Shutting down and abandoning module StringTableEditor (212)
[2017.11.04-02.37.48:419][709]LogModuleManager: Shutting down and abandoning module GameplayTasksEditor (210)
[2017.11.04-02.37.48:419][709]LogModuleManager: Shutting down and abandoning module BehaviorTreeEditor (208)
[2017.11.04-02.37.48:419][709]LogModuleManager: Shutting down and abandoning module FunctionalTesting (206)
[2017.11.04-02.37.48:419][709]LogModuleManager: Shutting down and abandoning module CollisionAnalyzer (204)
[2017.11.04-02.37.48:419][709]LogModuleManager: Shutting down and abandoning module WorkspaceMenuStructure (203)
[2017.11.04-02.37.48:419][709]LogModuleManager: Shutting down and abandoning module UMG (200)
[2017.11.04-02.37.48:419][709]LogModuleManager: Shutting down and abandoning module UMGEditor (199)
[2017.11.04-02.37.48:420][709]LogModuleManager: Shutting down and abandoning module Sequencer (198)
[2017.11.04-02.37.48:420][709]LogModuleManager: Shutting down and abandoning module MessageLog (195)
[2017.11.04-02.37.48:420][709]LogModuleManager: Shutting down and abandoning module SlateReflector (190)
[2017.11.04-02.37.48:420][709]LogModuleManager: Shutting down and abandoning module Slate (188)
[2017.11.04-02.37.48:420][709]LogModuleManager: Shutting down and abandoning module EditorStyle (186)
[2017.11.04-02.37.48:423][709]LogModuleManager: Shutting down and abandoning module MRMesh (184)
[2017.11.04-02.37.48:423][709]LogModuleManager: Shutting down and abandoning module SourceCodeAccess (182)
[2017.11.04-02.37.48:423][709]LogModuleManager: Shutting down and abandoning module HeadMountedDisplay (180)
[2017.11.04-02.37.48:423][709]LogModuleManager: Shutting down and abandoning module XAudio2 (178)
[2017.11.04-02.37.48:423][709]LogModuleManager: Shutting down and abandoning module Networking (176)
[2017.11.04-02.37.48:423][709]LogModuleManager: Shutting down and abandoning module Core (172)
[2017.11.04-02.37.48:423][709]LogModuleManager: Shutting down and abandoning module LevelSequence (168)
[2017.11.04-02.37.48:423][709]LogModuleManager: Shutting down and abandoning module DirectoryWatcher (166)
[2017.11.04-02.37.48:424][709]LogModuleManager: Shutting down and abandoning module KismetCompiler (164)
[2017.11.04-02.37.48:424][709]LogModuleManager: Shutting down and abandoning module MeshUtilities (162)
[2017.11.04-02.37.48:424][709]LogModuleManager: Shutting down and abandoning module MeshMergeUtilities (161)
[2017.11.04-02.37.48:424][709]LogModuleManager: Shutting down and abandoning module MeshReductionInterface (160)
[2017.11.04-02.37.48:424][709]LogModuleManager: Shutting down and abandoning module SimplygonSwarm (159)
[2017.11.04-02.37.48:424][709]LogModuleManager: Shutting down and abandoning module SimplygonMeshReduction (157)
[2017.11.04-02.37.48:424][709]LogModuleManager: Shutting down and abandoning module QuadricMeshReduction (155)
[2017.11.04-02.37.48:424][709]LogModuleManager: Shutting down and abandoning module MaterialBaking (151)
[2017.11.04-02.37.48:425][709]LogModuleManager: Shutting down and abandoning module DerivedDataCache (148)
[2017.11.04-02.37.48:445][709]LogDerivedDataCache: Shutdown
[2017.11.04-02.37.48:445][709]LogModuleManager: Shutting down and abandoning module TargetPlatform (146)
[2017.11.04-02.37.48:445][709]LogModuleManager: Shutting down and abandoning module VulkanShaderFormat (145)
[2017.11.04-02.37.48:445][709]LogModuleManager: Shutting down and abandoning module ShaderFormatVectorVM (143)
[2017.11.04-02.37.48:445][709]LogModuleManager: Shutting down and abandoning module ShaderFormatOpenGL (141)
[2017.11.04-02.37.48:445][709]LogModuleManager: Shutting down and abandoning module ShaderFormatD3D (139)
[2017.11.04-02.37.48:445][709]LogModuleManager: Shutting down and abandoning module MetalShaderFormat (137)
[2017.11.04-02.37.48:445][709]LogModuleManager: Shutting down and abandoning module TextureFormatUncompressed (135)
[2017.11.04-02.37.48:445][709]LogModuleManager: Shutting down and abandoning module TextureFormatPVR (133)
[2017.11.04-02.37.48:445][709]LogModuleManager: Shutting down and abandoning module TextureFormatDXT (131)
[2017.11.04-02.37.48:445][709]LogModuleManager: Shutting down and abandoning module TextureFormatIntelISPCTexComp (129)
[2017.11.04-02.37.48:445][709]LogModuleManager: Shutting down and abandoning module TextureFormatASTC (127)
[2017.11.04-02.37.48:446][709]LogModuleManager: Shutting down and abandoning module ImageWrapper (126)
[2017.11.04-02.37.48:446][709]LogModuleManager: Shutting down and abandoning module TextureFormatAndroid (123)
[2017.11.04-02.37.48:446][709]LogModuleManager: Shutting down and abandoning module AudioFormatOpus (121)
[2017.11.04-02.37.48:446][709]LogModuleManager: Shutting down and abandoning module AudioFormatOgg (119)
[2017.11.04-02.37.48:446][709]LogModuleManager: Shutting down and abandoning module AudioFormatADPCM (117)
[2017.11.04-02.37.48:446][709]LogModuleManager: Shutting down and abandoning module LinuxTargetPlatform (115)
[2017.11.04-02.37.48:446][709]LogModuleManager: Shutting down and abandoning module LinuxServerTargetPlatform (113)
[2017.11.04-02.37.48:446][709]LogModuleManager: Shutting down and abandoning module LinuxNoEditorTargetPlatform (111)
[2017.11.04-02.37.48:446][709]LogModuleManager: Shutting down and abandoning module LinuxClientTargetPlatform (109)
[2017.11.04-02.37.48:446][709]LogModuleManager: Shutting down and abandoning module TVOSTargetPlatform (107)
[2017.11.04-02.37.48:446][709]LogModuleManager: Shutting down and abandoning module Messaging (105)
[2017.11.04-02.37.48:446][709]LogModuleManager: Shutting down and abandoning module IOSTargetPlatform (103)
[2017.11.04-02.37.48:446][709]LogModuleManager: Shutting down and abandoning module HTML5TargetPlatform (101)
[2017.11.04-02.37.48:446][709]LogModuleManager: Shutting down and abandoning module AndroidTargetPlatform (99)
[2017.11.04-02.37.48:446][709]LogModuleManager: Shutting down and abandoning module Android_PVRTCTargetPlatform (97)
[2017.11.04-02.37.48:446][709]LogModuleManager: Shutting down and abandoning module Android_MultiTargetPlatform (95)
[2017.11.04-02.37.48:446][709]LogModuleManager: Shutting down and abandoning module Android_ETC2TargetPlatform (93)
[2017.11.04-02.37.48:446][709]LogModuleManager: Shutting down and abandoning module Android_ETC1TargetPlatform (91)
[2017.11.04-02.37.48:446][709]LogModuleManager: Shutting down and abandoning module Android_DXTTargetPlatform (89)
[2017.11.04-02.37.48:446][709]LogModuleManager: Shutting down and abandoning module Android_ATCTargetPlatform (87)
[2017.11.04-02.37.48:446][709]LogModuleManager: Shutting down and abandoning module Android_ASTCTargetPlatform (85)
[2017.11.04-02.37.48:446][709]LogModuleManager: Shutting down and abandoning module WindowsTargetPlatform (83)
[2017.11.04-02.37.48:446][709]LogModuleManager: Shutting down and abandoning module WindowsServerTargetPlatform (81)
[2017.11.04-02.37.48:446][709]LogModuleManager: Shutting down and abandoning module WindowsNoEditorTargetPlatform (79)
[2017.11.04-02.37.48:446][709]LogModuleManager: Shutting down and abandoning module WindowsClientTargetPlatform (77)
[2017.11.04-02.37.48:446][709]LogModuleManager: Shutting down and abandoning module MacTargetPlatform (75)
[2017.11.04-02.37.48:446][709]LogModuleManager: Shutting down and abandoning module MacServerTargetPlatform (73)
[2017.11.04-02.37.48:446][709]LogModuleManager: Shutting down and abandoning module MacNoEditorTargetPlatform (71)
[2017.11.04-02.37.48:446][709]LogModuleManager: Shutting down and abandoning module MacClientTargetPlatform (69)
[2017.11.04-02.37.48:446][709]LogModuleManager: Shutting down and abandoning module AllDesktopTargetPlatform (67)
[2017.11.04-02.37.48:446][709]LogModuleManager: Shutting down and abandoning module InputCore (64)
[2017.11.04-02.37.48:446][709]LogModuleManager: Shutting down and abandoning module Settings (62)
[2017.11.04-02.37.48:446][709]LogModuleManager: Shutting down and abandoning module PhysXCooking (60)
[2017.11.04-02.37.48:446][709]LogModuleManager: Shutting down and abandoning module SteamVR (58)
[2017.11.04-02.37.48:446][709]LogModuleManager: Shutting down and abandoning module OculusHMD (56)
[2017.11.04-02.37.48:447][709]LogModuleManager: Shutting down and abandoning module ExampleDeviceProfileSelector (54)
[2017.11.04-02.37.48:447][709]LogModuleManager: Shutting down and abandoning module AppleARKit (52)
[2017.11.04-02.37.48:447][709]LogModuleManager: Shutting down and abandoning module AugmentedReality (51)
[2017.11.04-02.37.48:447][709]LogModuleManager: Shutting down and abandoning module OnlineBlueprintSupport (48)
[2017.11.04-02.37.48:447][709]LogModuleManager: Shutting down and abandoning module OnlineSubsystem (44)
[2017.11.04-02.37.48:447][709]LogModuleManager: Shutting down and abandoning module XMPP (43)
[2017.11.04-02.37.48:447][709]LogModuleManager: Shutting down and abandoning module HTTP (41)
[2017.11.04-02.37.48:447][709]LogHttp: Display: Http module shutting down, but needs to wait on 1 outstanding Http requests:
[2017.11.04-02.37.48:447][709]LogHttp: Display: 	verb=[POST] url=[https://datarouter.ol.epicgames.com/datarouter/api/v1/public/data?SessionID=%7B6C264659-4A82-47FB-DBF1-7AB0B101B24D%7D&AppID=UEEditor.Rocket.Release&AppVersion=4.18.0-3709383%2B%2B%2BUE4%2BRelease-4.18&UserID=f67039074d20360f93235bae3c63a7af%7C85df19299b064e5ab108dc6829df4396%7Cea4586fc-df6f-4628-a076-c949a922849e&AppEnvironment=datacollector-binary&UploadType=eteventstream] status=Processing
[2017.11.04-02.37.48:454][709]LogModuleManager: Shutting down and abandoning module SSL (40)
[2017.11.04-02.37.48:455][709]LogModuleManager: Shutting down and abandoning module AnimationModifiers (36)
[2017.11.04-02.37.48:455][709]LogModuleManager: Shutting down and abandoning module PropertyEditor (35)
[2017.11.04-02.37.48:455][709]LogModuleManager: Shutting down and abandoning module AudioEditor (32)
[2017.11.04-02.37.48:455][709]LogModuleManager: Shutting down and abandoning module TextureCompressor (30)
[2017.11.04-02.37.48:456][709]LogModuleManager: Shutting down and abandoning module ShaderCore (28)
[2017.11.04-02.37.48:456][709]LogModuleManager: Shutting down and abandoning module Landscape (26)
[2017.11.04-02.37.48:456][709]LogModuleManager: Shutting down and abandoning module SlateRHIRenderer (24)
[2017.11.04-02.37.48:458][709]LogModuleManager: Shutting down and abandoning module OpenGLDrv (22)
[2017.11.04-02.37.48:458][709]LogModuleManager: Shutting down and abandoning module D3D11RHI (20)
[2017.11.04-02.37.48:458][709]LogModuleManager: Shutting down and abandoning module AnimGraphRuntime (18)
[2017.11.04-02.37.48:458][709]LogModuleManager: Shutting down and abandoning module Renderer (16)
[2017.11.04-02.37.48:458][709]LogModuleManager: Shutting down and abandoning module Engine (14)
[2017.11.04-02.37.48:458][709]LogModuleManager: Shutting down and abandoning module CoreUObject (12)
[2017.11.04-02.37.48:458][709]LogModuleManager: Shutting down and abandoning module NetworkFile (10)
[2017.11.04-02.37.48:458][709]LogModuleManager: Shutting down and abandoning module CookedIterativeFile (8)
[2017.11.04-02.37.48:458][709]LogModuleManager: Shutting down and abandoning module StreamingFile (6)
[2017.11.04-02.37.48:458][709]LogModuleManager: Shutting down and abandoning module SandboxFile (4)
[2017.11.04-02.37.48:458][709]LogModuleManager: Shutting down and abandoning module PakFile (2)
[2017.11.04-02.37.48:461][709]LogExit: Exiting.
[2017.11.04-02.37.48:469][709]Log file closed, 11/04/17 10:37:48
